# JRE version: OpenJDK Runtime Environment (17.0.6) (build 17.0.6+0-b2043.56-10027231)
# Java VM: OpenJDK 64-Bit Server VM (17.0.6+0-b2043.56-10027231, mixed mode, tiered, compressed oops, compressed class ptrs, g1 gc, windows-amd64)
GC Precious Log:
 CPUs: 8 total, 8 available
 Memory: 16106M
 Large Page Support: Disabled
 NUMA Support: Disabled
 Compressed Oops: Enabled (32-bit)
 Heap Region Size: 1M
 Heap Min Capacity: 8M
 Heap Initial Capacity: 252M
 Heap Max Capacity: 2G
 Pre-touch: Disabled
 Parallel Workers: 8
 Concurrent Workers: 2
 Concurrent Refinement Workers: 8
 Periodic GC: Disabled
Heap:
 garbage-first heap   total 231424K, used 147222K [0x0000000080000000, 0x0000000100000000)
  region size 1024K, 9 young (9216K), 6 survivors (6144K)
 Metaspace       used 96951K, committed 97664K, reserved 1138688K
  class space    used 13194K, committed 13504K, reserved 1048576K
GC Heap History (20 events):
Event: 4.663 GC heap before
{Heap before GC invocations=27 (full 0):
 garbage-first heap   total 133120K, used 91872K [0x0000000080000000, 0x0000000100000000)
  region size 1024K, 6 young (6144K), 4 survivors (4096K)
 Metaspace       used 56794K, committed 57408K, reserved 1105920K
  class space    used 7653K, committed 7936K, reserved 1048576K
}
Event: 4.665 GC heap after
{Heap after GC invocations=28 (full 0):
 garbage-first heap   total 133120K, used 90199K [0x0000000080000000, 0x0000000100000000)
  region size 1024K, 1 young (1024K), 1 survivors (1024K)
 Metaspace       used 56794K, committed 57408K, reserved 1105920K
  class space    used 7653K, committed 7936K, reserved 1048576K
}
Event: 4.799 GC heap before
{Heap before GC invocations=28 (full 0):
 garbage-first heap   total 133120K, used 106583K [0x0000000080000000, 0x0000000100000000)
  region size 1024K, 18 young (18432K), 1 survivors (1024K)
 Metaspace       used 58873K, committed 59584K, reserved 1105920K
  class space    used 7937K, committed 8256K, reserved 1048576K
}
Event: 4.801 GC heap after
{Heap after GC invocations=29 (full 0):
 garbage-first heap   total 231424K, used 91691K [0x0000000080000000, 0x0000000100000000)
  region size 1024K, 3 young (3072K), 3 survivors (3072K)
 Metaspace       used 58873K, committed 59584K, reserved 1105920K
  class space    used 7937K, committed 8256K, reserved 1048576K
}
Event: 5.558 GC heap before
{Heap before GC invocations=30 (full 0):
 garbage-first heap   total 231424K, used 160299K [0x0000000080000000, 0x0000000100000000)
  region size 1024K, 64 young (65536K), 3 survivors (3072K)
 Metaspace       used 67854K, committed 68544K, reserved 1114112K
  class space    used 9027K, committed 9344K, reserved 1048576K
}
Event: 5.563 GC heap after
{Heap after GC invocations=31 (full 0):
 garbage-first heap   total 231424K, used 97015K [0x0000000080000000, 0x0000000100000000)
  region size 1024K, 8 young (8192K), 8 survivors (8192K)
 Metaspace       used 67854K, committed 68544K, reserved 1114112K
  class space    used 9027K, committed 9344K, reserved 1048576K
}
Event: 5.589 GC heap before
{Heap before GC invocations=31 (full 0):
 garbage-first heap   total 231424K, used 100087K [0x0000000080000000, 0x0000000100000000)
  region size 1024K, 11 young (11264K), 8 survivors (8192K)
 Metaspace       used 68164K, committed 68864K, reserved 1114112K
  class space    used 9097K, committed 9408K, reserved 1048576K
}
Event: 5.593 GC heap after
{Heap after GC invocations=32 (full 0):
 garbage-first heap   total 231424K, used 96576K [0x0000000080000000, 0x0000000100000000)
  region size 1024K, 1 young (1024K), 1 survivors (1024K)
 Metaspace       used 68164K, committed 68864K, reserved 1114112K
  class space    used 9097K, committed 9408K, reserved 1048576K
}
Event: 6.500 GC heap before
{Heap before GC invocations=32 (full 0):
 garbage-first heap   total 231424K, used 176448K [0x0000000080000000, 0x0000000100000000)
  region size 1024K, 79 young (80896K), 1 survivors (1024K)
 Metaspace       used 77087K, committed 77760K, reserved 1122304K
  class space    used 10258K, committed 10560K, reserved 1048576K
}
Event: 6.506 GC heap after
{Heap after GC invocations=33 (full 0):
 garbage-first heap   total 231424K, used 100755K [0x0000000080000000, 0x0000000100000000)
  region size 1024K, 5 young (5120K), 5 survivors (5120K)
 Metaspace       used 77087K, committed 77760K, reserved 1122304K
  class space    used 10258K, committed 10560K, reserved 1048576K
}
Event: 7.203 GC heap before
{Heap before GC invocations=33 (full 0):
 garbage-first heap   total 231424K, used 180627K [0x0000000080000000, 0x0000000100000000)
  region size 1024K, 80 young (81920K), 5 survivors (5120K)
 Metaspace       used 85563K, committed 86272K, reserved 1130496K
  class space    used 11304K, committed 11648K, reserved 1048576K
}
Event: 7.210 GC heap after
{Heap after GC invocations=34 (full 0):
 garbage-first heap   total 231424K, used 110190K [0x0000000080000000, 0x0000000100000000)
  region size 1024K, 10 young (10240K), 10 survivors (10240K)
 Metaspace       used 85563K, committed 86272K, reserved 1130496K
  class space    used 11304K, committed 11648K, reserved 1048576K
}
Event: 7.525 GC heap before
{Heap before GC invocations=34 (full 0):
 garbage-first heap   total 231424K, used 145006K [0x0000000080000000, 0x0000000100000000)
  region size 1024K, 45 young (46080K), 10 survivors (10240K)
 Metaspace       used 92445K, committed 93120K, reserved 1130496K
  class space    used 12673K, committed 12992K, reserved 1048576K
}
Event: 7.531 GC heap after
{Heap after GC invocations=35 (full 0):
 garbage-first heap   total 231424K, used 112121K [0x0000000080000000, 0x0000000100000000)
  region size 1024K, 3 young (3072K), 3 survivors (3072K)
 Metaspace       used 92445K, committed 93120K, reserved 1130496K
  class space    used 12673K, committed 12992K, reserved 1048576K
}
Event: 7.965 GC heap before
{Heap before GC invocations=36 (full 0):
 garbage-first heap   total 231424K, used 191993K [0x0000000080000000, 0x0000000100000000)
  region size 1024K, 75 young (76800K), 3 survivors (3072K)
 Metaspace       used 92622K, committed 93376K, reserved 1130496K
  class space    used 12682K, committed 12992K, reserved 1048576K
}
Event: 7.984 GC heap after
{Heap after GC invocations=37 (full 0):
 garbage-first heap   total 231424K, used 134144K [0x0000000080000000, 0x0000000100000000)
  region size 1024K, 10 young (10240K), 10 survivors (10240K)
 Metaspace       used 92622K, committed 93376K, reserved 1130496K
  class space    used 12682K, committed 12992K, reserved 1048576K
}
Event: 7.993 GC heap before
{Heap before GC invocations=37 (full 0):
 garbage-first heap   total 231424K, used 135168K [0x0000000080000000, 0x0000000100000000)
  region size 1024K, 11 young (11264K), 10 survivors (10240K)
 Metaspace       used 92623K, committed 93376K, reserved 1130496K
  class space    used 12682K, committed 12992K, reserved 1048576K
}
Event: 8.000 GC heap after
{Heap after GC invocations=38 (full 0):
 garbage-first heap   total 231424K, used 136119K [0x0000000080000000, 0x0000000100000000)
  region size 1024K, 2 young (2048K), 2 survivors (2048K)
 Metaspace       used 92623K, committed 93376K, reserved 1130496K
  class space    used 12682K, committed 12992K, reserved 1048576K
}
Event: 8.687 GC heap before
{Heap before GC invocations=38 (full 0):
 garbage-first heap   total 231424K, used 182199K [0x0000000080000000, 0x0000000100000000)
  region size 1024K, 47 young (48128K), 2 survivors (2048K)
 Metaspace       used 96785K, committed 97536K, reserved 1138688K
  class space    used 13182K, committed 13504K, reserved 1048576K
}
Event: 8.693 GC heap after
{Heap after GC invocations=39 (full 0):
 garbage-first heap   total 231424K, used 140054K [0x0000000080000000, 0x0000000100000000)
  region size 1024K, 6 young (6144K), 6 survivors (6144K)
 Metaspace       used 96785K, committed 97536K, reserved 1138688K
  class space    used 13182K, committed 13504K, reserved 1048576K
}

