# JRE version: OpenJDK Runtime Environment (17.0.6) (build 17.0.6+0-b2043.56-10027231)
# Java VM: OpenJDK 64-Bit Server VM (17.0.6+0-b2043.56-10027231, mixed mode, tiered, compressed oops, compressed class ptrs, g1 gc, windows-amd64)
GC Precious Log:
 CPUs: 8 total, 8 available
 Memory: 16106M
 Large Page Support: Disabled
 NUMA Support: Disabled
 Compressed Oops: Enabled (32-bit)
 Heap Region Size: 1M
 Heap Min Capacity: 8M
 Heap Initial Capacity: 252M
 Heap Max Capacity: 2G
 Pre-touch: Disabled
 Parallel Workers: 8
 Concurrent Workers: 2
 Concurrent Refinement Workers: 8
 Periodic GC: Disabled
Heap:
 garbage-first heap   total 396288K, used 216836K [0x0000000080000000, 0x0000000100000000)
  region size 1024K, 3 young (3072K), 3 survivors (3072K)
 Metaspace       used 141673K, committed 143424K, reserved 1179648K
  class space    used 18106K, committed 18816K, reserved 1048576K
GC Heap History (20 events):
Event: 10446.503 GC heap after
{Heap after GC invocations=92 (full 0):
 garbage-first heap   total 384000K, used 176584K [0x0000000080000000, 0x0000000100000000)
  region size 1024K, 2 young (2048K), 2 survivors (2048K)
 Metaspace       used 120366K, committed 121280K, reserved 1155072K
  class space    used 15629K, committed 16064K, reserved 1048576K
}
Event: 10447.202 GC heap before
{Heap before GC invocations=92 (full 0):
 garbage-first heap   total 384000K, used 267720K [0x0000000080000000, 0x0000000100000000)
  region size 1024K, 93 young (95232K), 2 survivors (2048K)
 Metaspace       used 122798K, committed 123712K, reserved 1163264K
  class space    used 15994K, committed 16448K, reserved 1048576K
}
Event: 10447.210 GC heap after
{Heap after GC invocations=93 (full 0):
 garbage-first heap   total 384000K, used 186843K [0x0000000080000000, 0x0000000100000000)
  region size 1024K, 12 young (12288K), 12 survivors (12288K)
 Metaspace       used 122798K, committed 123712K, reserved 1163264K
  class space    used 15994K, committed 16448K, reserved 1048576K
}
Event: 10448.727 GC heap before
{Heap before GC invocations=94 (full 0):
 garbage-first heap   total 384000K, used 345563K [0x0000000080000000, 0x0000000100000000)
  region size 1024K, 141 young (144384K), 12 survivors (12288K)
 Metaspace       used 128478K, committed 129408K, reserved 1163264K
  class space    used 16606K, committed 17088K, reserved 1048576K
}
Event: 10448.737 GC heap after
{Heap after GC invocations=95 (full 0):
 garbage-first heap   total 384000K, used 193235K [0x0000000080000000, 0x0000000100000000)
  region size 1024K, 7 young (7168K), 7 survivors (7168K)
 Metaspace       used 128478K, committed 129408K, reserved 1163264K
  class space    used 16606K, committed 17088K, reserved 1048576K
}
Event: 10448.787 GC heap before
{Heap before GC invocations=95 (full 0):
 garbage-first heap   total 384000K, used 203475K [0x0000000080000000, 0x0000000100000000)
  region size 1024K, 18 young (18432K), 7 survivors (7168K)
 Metaspace       used 128612K, committed 129600K, reserved 1163264K
  class space    used 16616K, committed 17088K, reserved 1048576K
}
Event: 10448.795 GC heap after
{Heap after GC invocations=96 (full 0):
 garbage-first heap   total 384000K, used 191735K [0x0000000080000000, 0x0000000100000000)
  region size 1024K, 2 young (2048K), 2 survivors (2048K)
 Metaspace       used 128612K, committed 129600K, reserved 1163264K
  class space    used 16616K, committed 17088K, reserved 1048576K
}
Event: 10450.950 GC heap before
{Heap before GC invocations=96 (full 0):
 garbage-first heap   total 384000K, used 320759K [0x0000000080000000, 0x0000000100000000)
  region size 1024K, 129 young (132096K), 2 survivors (2048K)
 Metaspace       used 132025K, committed 132992K, reserved 1171456K
  class space    used 16947K, committed 17408K, reserved 1048576K
}
Event: 10450.959 GC heap after
{Heap after GC invocations=97 (full 0):
 garbage-first heap   total 384000K, used 202953K [0x0000000080000000, 0x0000000100000000)
  region size 1024K, 13 young (13312K), 13 survivors (13312K)
 Metaspace       used 132025K, committed 132992K, reserved 1171456K
  class space    used 16947K, committed 17408K, reserved 1048576K
}
Event: 10452.043 GC heap before
{Heap before GC invocations=98 (full 0):
 garbage-first heap   total 384000K, used 320713K [0x0000000080000000, 0x0000000100000000)
  region size 1024K, 127 young (130048K), 13 survivors (13312K)
 Metaspace       used 140564K, committed 141568K, reserved 1179648K
  class space    used 18034K, committed 18560K, reserved 1048576K
}
Event: 10452.056 GC heap after
{Heap after GC invocations=99 (full 0):
 garbage-first heap   total 384000K, used 216168K [0x0000000080000000, 0x0000000100000000)
  region size 1024K, 13 young (13312K), 13 survivors (13312K)
 Metaspace       used 140564K, committed 141568K, reserved 1179648K
  class space    used 18034K, committed 18560K, reserved 1048576K
}
Event: 10452.099 GC heap before
{Heap before GC invocations=99 (full 0):
 garbage-first heap   total 384000K, used 221288K [0x0000000080000000, 0x0000000100000000)
  region size 1024K, 18 young (18432K), 13 survivors (13312K)
 Metaspace       used 140853K, committed 141824K, reserved 1179648K
  class space    used 18067K, committed 18560K, reserved 1048576K
}
Event: 10452.110 GC heap after
{Heap after GC invocations=100 (full 0):
 garbage-first heap   total 384000K, used 215207K [0x0000000080000000, 0x0000000100000000)
  region size 1024K, 3 young (3072K), 3 survivors (3072K)
 Metaspace       used 140853K, committed 141824K, reserved 1179648K
  class space    used 18067K, committed 18560K, reserved 1048576K
}
Event: 12379.348 GC heap before
{Heap before GC invocations=100 (full 0):
 garbage-first heap   total 384000K, used 315559K [0x0000000080000000, 0x0000000100000000)
  region size 1024K, 102 young (104448K), 3 survivors (3072K)
 Metaspace       used 142260K, committed 143232K, reserved 1179648K
  class space    used 18272K, committed 18752K, reserved 1048576K
}
Event: 12379.359 GC heap after
{Heap after GC invocations=101 (full 0):
 garbage-first heap   total 384000K, used 220128K [0x0000000080000000, 0x0000000100000000)
  region size 1024K, 8 young (8192K), 8 survivors (8192K)
 Metaspace       used 142260K, committed 143232K, reserved 1179648K
  class space    used 18272K, committed 18752K, reserved 1048576K
}
Event: 12380.599 GC heap before
{Heap before GC invocations=102 (full 0):
 garbage-first heap   total 396288K, used 336864K [0x0000000080000000, 0x0000000100000000)
  region size 1024K, 104 young (106496K), 8 survivors (8192K)
 Metaspace       used 141645K, committed 143424K, reserved 1179648K
  class space    used 18105K, committed 18816K, reserved 1048576K
}
Event: 12380.608 GC heap after
{Heap after GC invocations=103 (full 0):
 garbage-first heap   total 396288K, used 227656K [0x0000000080000000, 0x0000000100000000)
  region size 1024K, 13 young (13312K), 13 survivors (13312K)
 Metaspace       used 141645K, committed 143424K, reserved 1179648K
  class space    used 18105K, committed 18816K, reserved 1048576K
}
Event: 12380.617 GC heap before
{Heap before GC invocations=103 (full 0):
 garbage-first heap   total 396288K, used 233800K [0x0000000080000000, 0x0000000100000000)
  region size 1024K, 19 young (19456K), 13 survivors (13312K)
 Metaspace       used 141655K, committed 143424K, reserved 1179648K
  class space    used 18105K, committed 18816K, reserved 1048576K
}
Event: 12380.631 GC heap after
{Heap after GC invocations=104 (full 0):
 garbage-first heap   total 396288K, used 215040K [0x0000000080000000, 0x0000000100000000)
  region size 1024K, 1 young (1024K), 1 survivors (1024K)
 Metaspace       used 141655K, committed 143424K, reserved 1179648K
  class space    used 18105K, committed 18816K, reserved 1048576K
}
Event: 12380.737 GC heap before
{Heap before GC invocations=104 (full 0):
 garbage-first heap   total 396288K, used 224256K [0x0000000080000000, 0x0000000100000000)
  region size 1024K, 12 young (12288K), 1 survivors (1024K)
 Metaspace       used 141673K, committed 143424K, reserved 1179648K
  class space    used 18106K, committed 18816K, reserved 1048576K
}

