# JRE version: OpenJDK Runtime Environment (17.0.6) (build 17.0.6+0-b2043.56-10027231)
# Java VM: OpenJDK 64-Bit Server VM (17.0.6+0-b2043.56-10027231, mixed mode, tiered, compressed oops, compressed class ptrs, g1 gc, windows-amd64)
GC Precious Log:
 CPUs: 8 total, 8 available
 Memory: 16106M
 Large Page Support: Disabled
 NUMA Support: Disabled
 Compressed Oops: Enabled (32-bit)
 Heap Region Size: 1M
 Heap Min Capacity: 8M
 Heap Initial Capacity: 252M
 Heap Max Capacity: 2G
 Pre-touch: Disabled
 Parallel Workers: 8
 Concurrent Workers: 2
 Concurrent Refinement Workers: 8
 Periodic GC: Disabled
Heap:
 garbage-first heap   total 280576K, used 157770K [0x0000000080000000, 0x0000000100000000)
  region size 1024K, 79 young (80896K), 9 survivors (9216K)
 Metaspace       used 102666K, committed 103360K, reserved 1138688K
  class space    used 13828K, committed 14144K, reserved 1048576K
GC Heap History (20 events):
Event: 137.624 GC heap before
{Heap before GC invocations=25 (full 0):
 garbage-first heap   total 129024K, used 97260K [0x0000000080000000, 0x0000000100000000)
  region size 1024K, 44 young (45056K), 4 survivors (4096K)
 Metaspace       used 80270K, committed 80768K, reserved 1122304K
  class space    used 10643K, committed 10880K, reserved 1048576K
}
Event: 137.631 GC heap after
{Heap after GC invocations=26 (full 0):
 garbage-first heap   total 129024K, used 58493K [0x0000000080000000, 0x0000000100000000)
  region size 1024K, 4 young (4096K), 4 survivors (4096K)
 Metaspace       used 80270K, committed 80768K, reserved 1122304K
  class space    used 10643K, committed 10880K, reserved 1048576K
}
Event: 138.307 GC heap before
{Heap before GC invocations=26 (full 0):
 garbage-first heap   total 129024K, used 99453K [0x0000000080000000, 0x0000000100000000)
  region size 1024K, 44 young (45056K), 4 survivors (4096K)
 Metaspace       used 85148K, committed 85760K, reserved 1130496K
  class space    used 11489K, committed 11776K, reserved 1048576K
}
Event: 138.312 GC heap after
{Heap after GC invocations=27 (full 0):
 garbage-first heap   total 129024K, used 61524K [0x0000000080000000, 0x0000000100000000)
  region size 1024K, 6 young (6144K), 6 survivors (6144K)
 Metaspace       used 85148K, committed 85760K, reserved 1130496K
  class space    used 11489K, committed 11776K, reserved 1048576K
}
Event: 138.888 GC heap before
{Heap before GC invocations=27 (full 0):
 garbage-first heap   total 129024K, used 101460K [0x0000000080000000, 0x0000000100000000)
  region size 1024K, 45 young (46080K), 6 survivors (6144K)
 Metaspace       used 89385K, committed 89984K, reserved 1130496K
  class space    used 12160K, committed 12416K, reserved 1048576K
}
Event: 138.895 GC heap after
{Heap after GC invocations=28 (full 0):
 garbage-first heap   total 129024K, used 64308K [0x0000000080000000, 0x0000000100000000)
  region size 1024K, 6 young (6144K), 6 survivors (6144K)
 Metaspace       used 89385K, committed 89984K, reserved 1130496K
  class space    used 12160K, committed 12416K, reserved 1048576K
}
Event: 139.378 GC heap before
{Heap before GC invocations=28 (full 0):
 garbage-first heap   total 129024K, used 103220K [0x0000000080000000, 0x0000000100000000)
  region size 1024K, 44 young (45056K), 6 survivors (6144K)
 Metaspace       used 92882K, committed 93504K, reserved 1130496K
  class space    used 12607K, committed 12864K, reserved 1048576K
}
Event: 139.387 GC heap after
{Heap after GC invocations=29 (full 0):
 garbage-first heap   total 129024K, used 68147K [0x0000000080000000, 0x0000000100000000)
  region size 1024K, 6 young (6144K), 6 survivors (6144K)
 Metaspace       used 92882K, committed 93504K, reserved 1130496K
  class space    used 12607K, committed 12864K, reserved 1048576K
}
Event: 139.641 GC heap before
{Heap before GC invocations=30 (full 0):
 garbage-first heap   total 129024K, used 102963K [0x0000000080000000, 0x0000000100000000)
  region size 1024K, 41 young (41984K), 6 survivors (6144K)
 Metaspace       used 93140K, committed 93760K, reserved 1130496K
  class space    used 12616K, committed 12864K, reserved 1048576K
}
Event: 139.652 GC heap after
{Heap after GC invocations=31 (full 0):
 garbage-first heap   total 129024K, used 74741K [0x0000000080000000, 0x0000000100000000)
  region size 1024K, 6 young (6144K), 6 survivors (6144K)
 Metaspace       used 93140K, committed 93760K, reserved 1130496K
  class space    used 12616K, committed 12864K, reserved 1048576K
}
Event: 139.666 GC heap before
{Heap before GC invocations=31 (full 0):
 garbage-first heap   total 129024K, used 75765K [0x0000000080000000, 0x0000000100000000)
  region size 1024K, 7 young (7168K), 6 survivors (6144K)
 Metaspace       used 93265K, committed 93888K, reserved 1130496K
  class space    used 12630K, committed 12928K, reserved 1048576K
}
Event: 139.671 GC heap after
{Heap after GC invocations=32 (full 0):
 garbage-first heap   total 129024K, used 75486K [0x0000000080000000, 0x0000000100000000)
  region size 1024K, 1 young (1024K), 1 survivors (1024K)
 Metaspace       used 93265K, committed 93888K, reserved 1130496K
  class space    used 12630K, committed 12928K, reserved 1048576K
}
Event: 139.769 GC heap before
{Heap before GC invocations=32 (full 0):
 garbage-first heap   total 129024K, used 82654K [0x0000000080000000, 0x0000000100000000)
  region size 1024K, 10 young (10240K), 1 survivors (1024K)
 Metaspace       used 93904K, committed 94528K, reserved 1138688K
  class space    used 12694K, committed 12992K, reserved 1048576K
}
Event: 139.772 GC heap after
{Heap after GC invocations=33 (full 0):
 garbage-first heap   total 129024K, used 77681K [0x0000000080000000, 0x0000000100000000)
  region size 1024K, 4 young (4096K), 4 survivors (4096K)
 Metaspace       used 93904K, committed 94528K, reserved 1138688K
  class space    used 12694K, committed 12992K, reserved 1048576K
}
Event: 140.173 GC heap before
{Heap before GC invocations=34 (full 0):
 garbage-first heap   total 140288K, used 103281K [0x0000000080000000, 0x0000000100000000)
  region size 1024K, 28 young (28672K), 4 survivors (4096K)
 Metaspace       used 96550K, committed 97216K, reserved 1138688K
  class space    used 13112K, committed 13440K, reserved 1048576K
}
Event: 140.179 GC heap after
{Heap after GC invocations=35 (full 0):
 garbage-first heap   total 140288K, used 80086K [0x0000000080000000, 0x0000000100000000)
  region size 1024K, 3 young (3072K), 3 survivors (3072K)
 Metaspace       used 96550K, committed 97216K, reserved 1138688K
  class space    used 13112K, committed 13440K, reserved 1048576K
}
Event: 140.211 GC heap before
{Heap before GC invocations=35 (full 0):
 garbage-first heap   total 140288K, used 83158K [0x0000000080000000, 0x0000000100000000)
  region size 1024K, 6 young (6144K), 3 survivors (3072K)
 Metaspace       used 96571K, committed 97280K, reserved 1138688K
  class space    used 13113K, committed 13440K, reserved 1048576K
}
Event: 140.215 GC heap after
{Heap after GC invocations=36 (full 0):
 garbage-first heap   total 280576K, used 80025K [0x0000000080000000, 0x0000000100000000)
  region size 1024K, 1 young (1024K), 1 survivors (1024K)
 Metaspace       used 96571K, committed 97280K, reserved 1138688K
  class space    used 13113K, committed 13440K, reserved 1048576K
}
Event: 141.604 GC heap before
{Heap before GC invocations=36 (full 0):
 garbage-first heap   total 280576K, used 202905K [0x0000000080000000, 0x0000000100000000)
  region size 1024K, 122 young (124928K), 1 survivors (1024K)
 Metaspace       used 100965K, committed 101632K, reserved 1138688K
  class space    used 13634K, committed 13952K, reserved 1048576K
}
Event: 141.614 GC heap after
{Heap after GC invocations=37 (full 0):
 garbage-first heap   total 280576K, used 88138K [0x0000000080000000, 0x0000000100000000)
  region size 1024K, 9 young (9216K), 9 survivors (9216K)
 Metaspace       used 100965K, committed 101632K, reserved 1138688K
  class space    used 13634K, committed 13952K, reserved 1048576K
}

