# JRE version: OpenJDK Runtime Environment (17.0.6) (build 17.0.6+0-b2043.56-10027231)
# Java VM: OpenJDK 64-Bit Server VM (17.0.6+0-b2043.56-10027231, mixed mode, tiered, compressed oops, compressed class ptrs, g1 gc, windows-amd64)
GC Precious Log:
 CPUs: 8 total, 8 available
 Memory: 16106M
 Large Page Support: Disabled
 NUMA Support: Disabled
 Compressed Oops: Enabled (32-bit)
 Heap Region Size: 1M
 Heap Min Capacity: 8M
 Heap Initial Capacity: 252M
 Heap Max Capacity: 2G
 Pre-touch: Disabled
 Parallel Workers: 8
 Concurrent Workers: 2
 Concurrent Refinement Workers: 8
 Periodic GC: Disabled
Heap:
 garbage-first heap   total 142336K, used 83243K [0x0000000080000000, 0x0000000100000000)
  region size 1024K, 5 young (5120K), 5 survivors (5120K)
 Metaspace       used 56505K, committed 57152K, reserved 1105920K
  class space    used 7608K, committed 7872K, reserved 1048576K
GC Heap History (20 events):
Event: 2.619 GC heap after
{Heap after GC invocations=12 (full 0):
 garbage-first heap   total 95232K, used 54744K [0x0000000080000000, 0x0000000100000000)
  region size 1024K, 4 young (4096K), 4 survivors (4096K)
 Metaspace       used 41715K, committed 42176K, reserved 1089536K
  class space    used 5583K, committed 5760K, reserved 1048576K
}
Event: 2.701 GC heap before
{Heap before GC invocations=13 (full 0):
 garbage-first heap   total 102400K, used 67032K [0x0000000080000000, 0x0000000100000000)
  region size 1024K, 18 young (18432K), 4 survivors (4096K)
 Metaspace       used 42152K, committed 42560K, reserved 1089536K
  class space    used 5629K, committed 5824K, reserved 1048576K
}
Event: 2.704 GC heap after
{Heap after GC invocations=14 (full 0):
 garbage-first heap   total 102400K, used 56548K [0x0000000080000000, 0x0000000100000000)
  region size 1024K, 3 young (3072K), 3 survivors (3072K)
 Metaspace       used 42152K, committed 42560K, reserved 1089536K
  class space    used 5629K, committed 5824K, reserved 1048576K
}
Event: 2.963 GC heap before
{Heap before GC invocations=15 (full 0):
 garbage-first heap   total 104448K, used 84196K [0x0000000080000000, 0x0000000100000000)
  region size 1024K, 27 young (27648K), 3 survivors (3072K)
 Metaspace       used 46146K, committed 46528K, reserved 1089536K
  class space    used 6123K, committed 6272K, reserved 1048576K
}
Event: 2.965 GC heap after
{Heap after GC invocations=16 (full 0):
 garbage-first heap   total 104448K, used 57540K [0x0000000080000000, 0x0000000100000000)
  region size 1024K, 4 young (4096K), 4 survivors (4096K)
 Metaspace       used 46146K, committed 46528K, reserved 1089536K
  class space    used 6123K, committed 6272K, reserved 1048576K
}
Event: 3.034 GC heap before
{Heap before GC invocations=16 (full 0):
 garbage-first heap   total 104448K, used 63684K [0x0000000080000000, 0x0000000100000000)
  region size 1024K, 11 young (11264K), 4 survivors (4096K)
 Metaspace       used 46622K, committed 47104K, reserved 1089536K
  class space    used 6198K, committed 6400K, reserved 1048576K
}
Event: 3.036 GC heap after
{Heap after GC invocations=17 (full 0):
 garbage-first heap   total 104448K, used 59057K [0x0000000080000000, 0x0000000100000000)
  region size 1024K, 4 young (4096K), 4 survivors (4096K)
 Metaspace       used 46622K, committed 47104K, reserved 1089536K
  class space    used 6198K, committed 6400K, reserved 1048576K
}
Event: 3.137 GC heap before
{Heap before GC invocations=18 (full 0):
 garbage-first heap   total 114688K, used 74417K [0x0000000080000000, 0x0000000100000000)
  region size 1024K, 15 young (15360K), 4 survivors (4096K)
 Metaspace       used 47345K, committed 47808K, reserved 1097728K
  class space    used 6281K, committed 6464K, reserved 1048576K
}
Event: 3.140 GC heap after
{Heap after GC invocations=19 (full 0):
 garbage-first heap   total 114688K, used 67740K [0x0000000080000000, 0x0000000100000000)
  region size 1024K, 4 young (4096K), 4 survivors (4096K)
 Metaspace       used 47345K, committed 47808K, reserved 1097728K
  class space    used 6281K, committed 6464K, reserved 1048576K
}
Event: 3.314 GC heap before
{Heap before GC invocations=20 (full 0):
 garbage-first heap   total 117760K, used 88220K [0x0000000080000000, 0x0000000100000000)
  region size 1024K, 23 young (23552K), 4 survivors (4096K)
 Metaspace       used 49635K, committed 50176K, reserved 1097728K
  class space    used 6512K, committed 6720K, reserved 1048576K
}
Event: 3.316 GC heap after
{Heap after GC invocations=21 (full 0):
 garbage-first heap   total 117760K, used 68675K [0x0000000080000000, 0x0000000100000000)
  region size 1024K, 2 young (2048K), 2 survivors (2048K)
 Metaspace       used 49635K, committed 50176K, reserved 1097728K
  class space    used 6512K, committed 6720K, reserved 1048576K
}
Event: 3.500 GC heap before
{Heap before GC invocations=21 (full 0):
 garbage-first heap   total 117760K, used 90179K [0x0000000080000000, 0x0000000100000000)
  region size 1024K, 24 young (24576K), 2 survivors (2048K)
 Metaspace       used 51670K, committed 52288K, reserved 1097728K
  class space    used 6882K, committed 7168K, reserved 1048576K
}
Event: 3.503 GC heap after
{Heap after GC invocations=22 (full 0):
 garbage-first heap   total 117760K, used 69950K [0x0000000080000000, 0x0000000100000000)
  region size 1024K, 2 young (2048K), 2 survivors (2048K)
 Metaspace       used 51670K, committed 52288K, reserved 1097728K
  class space    used 6882K, committed 7168K, reserved 1048576K
}
Event: 3.746 GC heap before
{Heap before GC invocations=23 (full 0):
 garbage-first heap   total 122880K, used 91454K [0x0000000080000000, 0x0000000100000000)
  region size 1024K, 24 young (24576K), 2 survivors (2048K)
 Metaspace       used 54228K, committed 54912K, reserved 1097728K
  class space    used 7310K, committed 7616K, reserved 1048576K
}
Event: 3.748 GC heap after
{Heap after GC invocations=24 (full 0):
 garbage-first heap   total 122880K, used 71500K [0x0000000080000000, 0x0000000100000000)
  region size 1024K, 3 young (3072K), 3 survivors (3072K)
 Metaspace       used 54228K, committed 54912K, reserved 1097728K
  class space    used 7310K, committed 7616K, reserved 1048576K
}
Event: 3.983 GC heap before
{Heap before GC invocations=24 (full 0):
 garbage-first heap   total 122880K, used 98124K [0x0000000080000000, 0x0000000100000000)
  region size 1024K, 29 young (29696K), 3 survivors (3072K)
 Metaspace       used 56100K, committed 56768K, reserved 1105920K
  class space    used 7574K, committed 7872K, reserved 1048576K
}
Event: 3.987 GC heap after
{Heap after GC invocations=25 (full 0):
 garbage-first heap   total 122880K, used 73876K [0x0000000080000000, 0x0000000100000000)
  region size 1024K, 4 young (4096K), 4 survivors (4096K)
 Metaspace       used 56100K, committed 56768K, reserved 1105920K
  class space    used 7574K, committed 7872K, reserved 1048576K
}
Event: 4.146 GC heap before
{Heap before GC invocations=26 (full 0):
 garbage-first heap   total 135168K, used 91284K [0x0000000080000000, 0x0000000100000000)
  region size 1024K, 23 young (23552K), 4 survivors (4096K)
 Metaspace       used 56427K, committed 57024K, reserved 1105920K
  class space    used 7599K, committed 7872K, reserved 1048576K
}
Event: 4.150 GC heap after
{Heap after GC invocations=27 (full 0):
 garbage-first heap   total 135168K, used 75285K [0x0000000080000000, 0x0000000100000000)
  region size 1024K, 3 young (3072K), 3 survivors (3072K)
 Metaspace       used 56427K, committed 57024K, reserved 1105920K
  class space    used 7599K, committed 7872K, reserved 1048576K
}
Event: 4.191 GC heap before
{Heap before GC invocations=28 (full 0):
 garbage-first heap   total 142336K, used 83477K [0x0000000080000000, 0x0000000100000000)
  region size 1024K, 8 young (8192K), 3 survivors (3072K)
 Metaspace       used 56505K, committed 57152K, reserved 1105920K
  class space    used 7608K, committed 7872K, reserved 1048576K
}

