# JRE version: OpenJDK Runtime Environment (17.0.6) (build 17.0.6+0-b2043.56-10027231)
# Java VM: OpenJDK 64-Bit Server VM (17.0.6+0-b2043.56-10027231, mixed mode, tiered, compressed oops, compressed class ptrs, g1 gc, windows-amd64)
GC Precious Log:
 CPUs: 8 total, 8 available
 Memory: 16106M
 Large Page Support: Disabled
 NUMA Support: Disabled
 Compressed Oops: Enabled (32-bit)
 Heap Region Size: 1M
 Heap Min Capacity: 8M
 Heap Initial Capacity: 252M
 Heap Max Capacity: 2G
 Pre-touch: Disabled
 Parallel Workers: 8
 Concurrent Workers: 2
 Concurrent Refinement Workers: 8
 Periodic GC: Disabled
Heap:
 garbage-first heap   total 142336K, used 91655K [0x0000000080000000, 0x0000000100000000)
  region size 1024K, 2 young (2048K), 2 survivors (2048K)
 Metaspace       used 63673K, committed 64256K, reserved 1105920K
  class space    used 8446K, committed 8704K, reserved 1048576K
GC Heap History (20 events):
Event: 3.250 GC heap after
{Heap after GC invocations=17 (full 0):
 garbage-first heap   total 102400K, used 56807K [0x0000000080000000, 0x0000000100000000)
  region size 1024K, 3 young (3072K), 3 survivors (3072K)
 Metaspace       used 46064K, committed 46464K, reserved 1089536K
  class space    used 6106K, committed 6272K, reserved 1048576K
}
Event: 3.335 GC heap before
{Heap before GC invocations=17 (full 0):
 garbage-first heap   total 102400K, used 63975K [0x0000000080000000, 0x0000000100000000)
  region size 1024K, 11 young (11264K), 3 survivors (3072K)
 Metaspace       used 46636K, committed 47040K, reserved 1097728K
  class space    used 6196K, committed 6400K, reserved 1048576K
}
Event: 3.338 GC heap after
{Heap after GC invocations=18 (full 0):
 garbage-first heap   total 102400K, used 58451K [0x0000000080000000, 0x0000000100000000)
  region size 1024K, 4 young (4096K), 4 survivors (4096K)
 Metaspace       used 46636K, committed 47040K, reserved 1097728K
  class space    used 6196K, committed 6400K, reserved 1048576K
}
Event: 3.460 GC heap before
{Heap before GC invocations=19 (full 0):
 garbage-first heap   total 114688K, used 73811K [0x0000000080000000, 0x0000000100000000)
  region size 1024K, 15 young (15360K), 4 survivors (4096K)
 Metaspace       used 47359K, committed 47808K, reserved 1097728K
  class space    used 6279K, committed 6464K, reserved 1048576K
}
Event: 3.463 GC heap after
{Heap after GC invocations=20 (full 0):
 garbage-first heap   total 114688K, used 66800K [0x0000000080000000, 0x0000000100000000)
  region size 1024K, 4 young (4096K), 4 survivors (4096K)
 Metaspace       used 47359K, committed 47808K, reserved 1097728K
  class space    used 6279K, committed 6464K, reserved 1048576K
}
Event: 3.661 GC heap before
{Heap before GC invocations=21 (full 0):
 garbage-first heap   total 117760K, used 87280K [0x0000000080000000, 0x0000000100000000)
  region size 1024K, 23 young (23552K), 4 survivors (4096K)
 Metaspace       used 49664K, committed 50176K, reserved 1097728K
  class space    used 6511K, committed 6720K, reserved 1048576K
}
Event: 3.664 GC heap after
{Heap after GC invocations=22 (full 0):
 garbage-first heap   total 117760K, used 68192K [0x0000000080000000, 0x0000000100000000)
  region size 1024K, 2 young (2048K), 2 survivors (2048K)
 Metaspace       used 49664K, committed 50176K, reserved 1097728K
  class space    used 6511K, committed 6720K, reserved 1048576K
}
Event: 3.847 GC heap before
{Heap before GC invocations=22 (full 0):
 garbage-first heap   total 117760K, used 89696K [0x0000000080000000, 0x0000000100000000)
  region size 1024K, 23 young (23552K), 2 survivors (2048K)
 Metaspace       used 51607K, committed 52224K, reserved 1097728K
  class space    used 6865K, committed 7168K, reserved 1048576K
}
Event: 3.849 GC heap after
{Heap after GC invocations=23 (full 0):
 garbage-first heap   total 117760K, used 69396K [0x0000000080000000, 0x0000000100000000)
  region size 1024K, 2 young (2048K), 2 survivors (2048K)
 Metaspace       used 51607K, committed 52224K, reserved 1097728K
  class space    used 6865K, committed 7168K, reserved 1048576K
}
Event: 4.069 GC heap before
{Heap before GC invocations=24 (full 0):
 garbage-first heap   total 122880K, used 90900K [0x0000000080000000, 0x0000000100000000)
  region size 1024K, 23 young (23552K), 2 survivors (2048K)
 Metaspace       used 53998K, committed 54656K, reserved 1097728K
  class space    used 7266K, committed 7552K, reserved 1048576K
}
Event: 4.071 GC heap after
{Heap after GC invocations=25 (full 0):
 garbage-first heap   total 122880K, used 70781K [0x0000000080000000, 0x0000000100000000)
  region size 1024K, 3 young (3072K), 3 survivors (3072K)
 Metaspace       used 53998K, committed 54656K, reserved 1097728K
  class space    used 7266K, committed 7552K, reserved 1048576K
}
Event: 4.432 GC heap before
{Heap before GC invocations=25 (full 0):
 garbage-first heap   total 122880K, used 96381K [0x0000000080000000, 0x0000000100000000)
  region size 1024K, 28 young (28672K), 3 survivors (3072K)
 Metaspace       used 56100K, committed 56768K, reserved 1105920K
  class space    used 7554K, committed 7872K, reserved 1048576K
}
Event: 4.436 GC heap after
{Heap after GC invocations=26 (full 0):
 garbage-first heap   total 122880K, used 73221K [0x0000000080000000, 0x0000000100000000)
  region size 1024K, 4 young (4096K), 4 survivors (4096K)
 Metaspace       used 56100K, committed 56768K, reserved 1105920K
  class space    used 7554K, committed 7872K, reserved 1048576K
}
Event: 4.590 GC heap before
{Heap before GC invocations=27 (full 0):
 garbage-first heap   total 133120K, used 91653K [0x0000000080000000, 0x0000000100000000)
  region size 1024K, 24 young (24576K), 4 survivors (4096K)
 Metaspace       used 56430K, committed 57088K, reserved 1105920K
  class space    used 7580K, committed 7872K, reserved 1048576K
}
Event: 4.594 GC heap after
{Heap after GC invocations=28 (full 0):
 garbage-first heap   total 133120K, used 74937K [0x0000000080000000, 0x0000000100000000)
  region size 1024K, 3 young (3072K), 3 survivors (3072K)
 Metaspace       used 56430K, committed 57088K, reserved 1105920K
  class space    used 7580K, committed 7872K, reserved 1048576K
}
Event: 4.803 GC heap before
{Heap before GC invocations=29 (full 0):
 garbage-first heap   total 142336K, used 114873K [0x0000000080000000, 0x0000000100000000)
  region size 1024K, 33 young (33792K), 3 survivors (3072K)
 Metaspace       used 59363K, committed 60032K, reserved 1105920K
  class space    used 7992K, committed 8256K, reserved 1048576K
}
Event: 4.806 GC heap after
{Heap after GC invocations=30 (full 0):
 garbage-first heap   total 142336K, used 90902K [0x0000000080000000, 0x0000000100000000)
  region size 1024K, 5 young (5120K), 5 survivors (5120K)
 Metaspace       used 59363K, committed 60032K, reserved 1105920K
  class space    used 7992K, committed 8256K, reserved 1048576K
}
Event: 4.820 GC heap before
{Heap before GC invocations=30 (full 0):
 garbage-first heap   total 142336K, used 91926K [0x0000000080000000, 0x0000000100000000)
  region size 1024K, 6 young (6144K), 5 survivors (5120K)
 Metaspace       used 59527K, committed 60224K, reserved 1105920K
  class space    used 8003K, committed 8320K, reserved 1048576K
}
Event: 4.822 GC heap after
{Heap after GC invocations=31 (full 0):
 garbage-first heap   total 142336K, used 90989K [0x0000000080000000, 0x0000000100000000)
  region size 1024K, 1 young (1024K), 1 survivors (1024K)
 Metaspace       used 59527K, committed 60224K, reserved 1105920K
  class space    used 8003K, committed 8320K, reserved 1048576K
}
Event: 5.056 GC heap before
{Heap before GC invocations=31 (full 0):
 garbage-first heap   total 142336K, used 115565K [0x0000000080000000, 0x0000000100000000)
  region size 1024K, 25 young (25600K), 1 survivors (1024K)
 Metaspace       used 63673K, committed 64256K, reserved 1105920K
  class space    used 8446K, committed 8704K, reserved 1048576K
}

