# JRE version: OpenJDK Runtime Environment (17.0.6) (build 17.0.6+0-b2043.56-10027231)
# Java VM: OpenJDK 64-Bit Server VM (17.0.6+0-b2043.56-10027231, mixed mode, tiered, compressed oops, compressed class ptrs, g1 gc, windows-amd64)
GC Precious Log:
 CPUs: 8 total, 8 available
 Memory: 16106M
 Large Page Support: Disabled
 NUMA Support: Disabled
 Compressed Oops: Enabled (32-bit)
 Heap Region Size: 1M
 Heap Min Capacity: 8M
 Heap Initial Capacity: 252M
 Heap Max Capacity: 2G
 Pre-touch: Disabled
 Parallel Workers: 8
 Concurrent Workers: 2
 Concurrent Refinement Workers: 8
 Periodic GC: Disabled
Heap:
 garbage-first heap   total 271360K, used 155365K [0x0000000080000000, 0x0000000100000000)
  region size 1024K, 2 young (2048K), 2 survivors (2048K)
 Metaspace       used 100703K, committed 101440K, reserved 1138688K
  class space    used 13560K, committed 13888K, reserved 1048576K
GC Heap History (20 events):
Event: 7.022 GC heap after
{Heap after GC invocations=39 (full 0):
 garbage-first heap   total 219136K, used 101394K [0x0000000080000000, 0x0000000100000000)
  region size 1024K, 2 young (2048K), 2 survivors (2048K)
 Metaspace       used 70458K, committed 71104K, reserved 1114112K
  class space    used 9371K, committed 9664K, reserved 1048576K
}
Event: 7.580 GC heap before
{Heap before GC invocations=39 (full 0):
 garbage-first heap   total 219136K, used 157714K [0x0000000080000000, 0x0000000100000000)
  region size 1024K, 57 young (58368K), 2 survivors (2048K)
 Metaspace       used 77182K, committed 77888K, reserved 1122304K
  class space    used 10262K, committed 10560K, reserved 1048576K
}
Event: 7.586 GC heap after
{Heap after GC invocations=40 (full 0):
 garbage-first heap   total 219136K, used 104730K [0x0000000080000000, 0x0000000100000000)
  region size 1024K, 6 young (6144K), 6 survivors (6144K)
 Metaspace       used 77182K, committed 77888K, reserved 1122304K
  class space    used 10262K, committed 10560K, reserved 1048576K
}
Event: 8.235 GC heap before
{Heap before GC invocations=40 (full 0):
 garbage-first heap   total 219136K, used 167194K [0x0000000080000000, 0x0000000100000000)
  region size 1024K, 67 young (68608K), 6 survivors (6144K)
 Metaspace       used 83803K, committed 84480K, reserved 1122304K
  class space    used 11109K, committed 11392K, reserved 1048576K
}
Event: 8.242 GC heap after
{Heap after GC invocations=41 (full 0):
 garbage-first heap   total 219136K, used 109716K [0x0000000080000000, 0x0000000100000000)
  region size 1024K, 9 young (9216K), 9 survivors (9216K)
 Metaspace       used 83803K, committed 84480K, reserved 1122304K
  class space    used 11109K, committed 11392K, reserved 1048576K
}
Event: 8.260 GC heap before
{Heap before GC invocations=41 (full 0):
 garbage-first heap   total 219136K, used 110740K [0x0000000080000000, 0x0000000100000000)
  region size 1024K, 11 young (11264K), 9 survivors (9216K)
 Metaspace       used 84033K, committed 84736K, reserved 1122304K
  class space    used 11133K, committed 11456K, reserved 1048576K
}
Event: 8.265 GC heap after
{Heap after GC invocations=42 (full 0):
 garbage-first heap   total 219136K, used 109935K [0x0000000080000000, 0x0000000100000000)
  region size 1024K, 6 young (6144K), 6 survivors (6144K)
 Metaspace       used 84033K, committed 84736K, reserved 1122304K
  class space    used 11133K, committed 11456K, reserved 1048576K
}
Event: 8.755 GC heap before
{Heap before GC invocations=43 (full 0):
 garbage-first heap   total 219136K, used 182639K [0x0000000080000000, 0x0000000100000000)
  region size 1024K, 68 young (69632K), 6 survivors (6144K)
 Metaspace       used 92431K, committed 93120K, reserved 1130496K
  class space    used 12667K, committed 12992K, reserved 1048576K
}
Event: 8.761 GC heap after
{Heap after GC invocations=44 (full 0):
 garbage-first heap   total 219136K, used 125462K [0x0000000080000000, 0x0000000100000000)
  region size 1024K, 9 young (9216K), 9 survivors (9216K)
 Metaspace       used 92431K, committed 93120K, reserved 1130496K
  class space    used 12667K, committed 12992K, reserved 1048576K
}
Event: 8.764 GC heap before
{Heap before GC invocations=44 (full 0):
 garbage-first heap   total 219136K, used 126486K [0x0000000080000000, 0x0000000100000000)
  region size 1024K, 10 young (10240K), 9 survivors (9216K)
 Metaspace       used 92431K, committed 93120K, reserved 1130496K
  class space    used 12667K, committed 12992K, reserved 1048576K
}
Event: 8.769 GC heap after
{Heap after GC invocations=45 (full 0):
 garbage-first heap   total 219136K, used 125408K [0x0000000080000000, 0x0000000100000000)
  region size 1024K, 2 young (2048K), 2 survivors (2048K)
 Metaspace       used 92431K, committed 93120K, reserved 1130496K
  class space    used 12667K, committed 12992K, reserved 1048576K
}
Event: 8.938 GC heap before
{Heap before GC invocations=45 (full 0):
 garbage-first heap   total 219136K, used 175584K [0x0000000080000000, 0x0000000100000000)
  region size 1024K, 52 young (53248K), 2 survivors (2048K)
 Metaspace       used 92606K, committed 93312K, reserved 1130496K
  class space    used 12674K, committed 12992K, reserved 1048576K
}
Event: 8.950 GC heap after
{Heap after GC invocations=46 (full 0):
 garbage-first heap   total 219136K, used 136173K [0x0000000080000000, 0x0000000100000000)
  region size 1024K, 7 young (7168K), 7 survivors (7168K)
 Metaspace       used 92606K, committed 93312K, reserved 1130496K
  class space    used 12674K, committed 12992K, reserved 1048576K
}
Event: 9.231 GC heap before
{Heap before GC invocations=46 (full 0):
 garbage-first heap   total 219136K, used 175085K [0x0000000080000000, 0x0000000100000000)
  region size 1024K, 45 young (46080K), 7 survivors (7168K)
 Metaspace       used 95278K, committed 95936K, reserved 1138688K
  class space    used 12993K, committed 13312K, reserved 1048576K
}
Event: 9.239 GC heap after
{Heap after GC invocations=47 (full 0):
 garbage-first heap   total 219136K, used 143259K [0x0000000080000000, 0x0000000100000000)
  region size 1024K, 6 young (6144K), 6 survivors (6144K)
 Metaspace       used 95278K, committed 95936K, reserved 1138688K
  class space    used 12993K, committed 13312K, reserved 1048576K
}
Event: 9.349 GC heap before
{Heap before GC invocations=47 (full 0):
 garbage-first heap   total 219136K, used 156571K [0x0000000080000000, 0x0000000100000000)
  region size 1024K, 20 young (20480K), 6 survivors (6144K)
 Metaspace       used 96901K, committed 97664K, reserved 1138688K
  class space    used 13179K, committed 13504K, reserved 1048576K
}
Event: 9.353 GC heap after
{Heap after GC invocations=48 (full 0):
 garbage-first heap   total 219136K, used 145317K [0x0000000080000000, 0x0000000100000000)
  region size 1024K, 2 young (2048K), 2 survivors (2048K)
 Metaspace       used 96901K, committed 97664K, reserved 1138688K
  class space    used 13179K, committed 13504K, reserved 1048576K
}
Event: 9.623 GC heap before
{Heap before GC invocations=49 (full 0):
 garbage-first heap   total 271360K, used 186277K [0x0000000080000000, 0x0000000100000000)
  region size 1024K, 36 young (36864K), 2 survivors (2048K)
 Metaspace       used 99553K, committed 100224K, reserved 1138688K
  class space    used 13465K, committed 13760K, reserved 1048576K
}
Event: 9.638 GC heap after
{Heap after GC invocations=50 (full 0):
 garbage-first heap   total 271360K, used 155492K [0x0000000080000000, 0x0000000100000000)
  region size 1024K, 5 young (5120K), 5 survivors (5120K)
 Metaspace       used 99553K, committed 100224K, reserved 1138688K
  class space    used 13465K, committed 13760K, reserved 1048576K
}
Event: 9.749 GC heap before
{Heap before GC invocations=50 (full 0):
 garbage-first heap   total 271360K, used 162660K [0x0000000080000000, 0x0000000100000000)
  region size 1024K, 13 young (13312K), 5 survivors (5120K)
 Metaspace       used 100703K, committed 101440K, reserved 1138688K
  class space    used 13560K, committed 13888K, reserved 1048576K
}

