# JRE version: OpenJDK Runtime Environment (17.0.6) (build 17.0.6+0-b2043.56-10027231)
# Java VM: OpenJDK 64-Bit Server VM (17.0.6+0-b2043.56-10027231, mixed mode, tiered, compressed oops, compressed class ptrs, g1 gc, windows-amd64)
GC Precious Log:
 CPUs: 8 total, 8 available
 Memory: 16106M
 Large Page Support: Disabled
 NUMA Support: Disabled
 Compressed Oops: Enabled (32-bit)
 Heap Region Size: 1M
 Heap Min Capacity: 8M
 Heap Initial Capacity: 252M
 Heap Max Capacity: 2G
 Pre-touch: Disabled
 Parallel Workers: 8
 Concurrent Workers: 2
 Concurrent Refinement Workers: 8
 Periodic GC: Disabled
Heap:
 garbage-first heap   total 258048K, used 100640K [0x0000000080000000, 0x0000000100000000)
  region size 1024K, 2 young (2048K), 2 survivors (2048K)
 Metaspace       used 67817K, committed 68480K, reserved 1114112K
  class space    used 9032K, committed 9344K, reserved 1048576K
GC Heap History (20 events):
Event: 3.348 GC heap after
{Heap after GC invocations=22 (full 0):
 garbage-first heap   total 117760K, used 68114K [0x0000000080000000, 0x0000000100000000)
  region size 1024K, 2 young (2048K), 2 survivors (2048K)
 Metaspace       used 49656K, committed 50112K, reserved 1097728K
  class space    used 6514K, committed 6720K, reserved 1048576K
}
Event: 3.546 GC heap before
{Heap before GC invocations=22 (full 0):
 garbage-first heap   total 117760K, used 89618K [0x0000000080000000, 0x0000000100000000)
  region size 1024K, 24 young (24576K), 2 survivors (2048K)
 Metaspace       used 51681K, committed 52288K, reserved 1097728K
  class space    used 6884K, committed 7168K, reserved 1048576K
}
Event: 3.549 GC heap after
{Heap after GC invocations=23 (full 0):
 garbage-first heap   total 117760K, used 69478K [0x0000000080000000, 0x0000000100000000)
  region size 1024K, 2 young (2048K), 2 survivors (2048K)
 Metaspace       used 51681K, committed 52288K, reserved 1097728K
  class space    used 6884K, committed 7168K, reserved 1048576K
}
Event: 3.760 GC heap before
{Heap before GC invocations=24 (full 0):
 garbage-first heap   total 122880K, used 92006K [0x0000000080000000, 0x0000000100000000)
  region size 1024K, 24 young (24576K), 2 survivors (2048K)
 Metaspace       used 54234K, committed 54912K, reserved 1097728K
  class space    used 7313K, committed 7616K, reserved 1048576K
}
Event: 3.762 GC heap after
{Heap after GC invocations=25 (full 0):
 garbage-first heap   total 122880K, used 71010K [0x0000000080000000, 0x0000000100000000)
  region size 1024K, 3 young (3072K), 3 survivors (3072K)
 Metaspace       used 54234K, committed 54912K, reserved 1097728K
  class space    used 7313K, committed 7616K, reserved 1048576K
}
Event: 3.991 GC heap before
{Heap before GC invocations=25 (full 0):
 garbage-first heap   total 122880K, used 97634K [0x0000000080000000, 0x0000000100000000)
  region size 1024K, 29 young (29696K), 3 survivors (3072K)
 Metaspace       used 56104K, committed 56704K, reserved 1105920K
  class space    used 7570K, committed 7872K, reserved 1048576K
}
Event: 3.994 GC heap after
{Heap after GC invocations=26 (full 0):
 garbage-first heap   total 122880K, used 73296K [0x0000000080000000, 0x0000000100000000)
  region size 1024K, 4 young (4096K), 4 survivors (4096K)
 Metaspace       used 56104K, committed 56704K, reserved 1105920K
  class space    used 7570K, committed 7872K, reserved 1048576K
}
Event: 4.124 GC heap before
{Heap before GC invocations=27 (full 0):
 garbage-first heap   total 135168K, used 90704K [0x0000000080000000, 0x0000000100000000)
  region size 1024K, 23 young (23552K), 4 survivors (4096K)
 Metaspace       used 56431K, committed 57024K, reserved 1105920K
  class space    used 7596K, committed 7872K, reserved 1048576K
}
Event: 4.127 GC heap after
{Heap after GC invocations=28 (full 0):
 garbage-first heap   total 135168K, used 74870K [0x0000000080000000, 0x0000000100000000)
  region size 1024K, 3 young (3072K), 3 survivors (3072K)
 Metaspace       used 56431K, committed 57024K, reserved 1105920K
  class space    used 7596K, committed 7872K, reserved 1048576K
}
Event: 4.349 GC heap before
{Heap before GC invocations=29 (full 0):
 garbage-first heap   total 140288K, used 115830K [0x0000000080000000, 0x0000000100000000)
  region size 1024K, 34 young (34816K), 3 survivors (3072K)
 Metaspace       used 59546K, committed 60224K, reserved 1105920K
  class space    used 8020K, committed 8320K, reserved 1048576K
}
Event: 4.351 GC heap after
{Heap after GC invocations=30 (full 0):
 garbage-first heap   total 140288K, used 90858K [0x0000000080000000, 0x0000000100000000)
  region size 1024K, 5 young (5120K), 5 survivors (5120K)
 Metaspace       used 59546K, committed 60224K, reserved 1105920K
  class space    used 8020K, committed 8320K, reserved 1048576K
}
Event: 4.361 GC heap before
{Heap before GC invocations=30 (full 0):
 garbage-first heap   total 140288K, used 91882K [0x0000000080000000, 0x0000000100000000)
  region size 1024K, 6 young (6144K), 5 survivors (5120K)
 Metaspace       used 59644K, committed 60288K, reserved 1105920K
  class space    used 8042K, committed 8320K, reserved 1048576K
}
Event: 4.363 GC heap after
{Heap after GC invocations=31 (full 0):
 garbage-first heap   total 140288K, used 91195K [0x0000000080000000, 0x0000000100000000)
  region size 1024K, 1 young (1024K), 1 survivors (1024K)
 Metaspace       used 59644K, committed 60288K, reserved 1105920K
  class space    used 8042K, committed 8320K, reserved 1048576K
}
Event: 4.599 GC heap before
{Heap before GC invocations=31 (full 0):
 garbage-first heap   total 140288K, used 115771K [0x0000000080000000, 0x0000000100000000)
  region size 1024K, 25 young (25600K), 1 survivors (1024K)
 Metaspace       used 63751K, committed 64320K, reserved 1105920K
  class space    used 8476K, committed 8704K, reserved 1048576K
}
Event: 4.601 GC heap after
{Heap after GC invocations=32 (full 0):
 garbage-first heap   total 140288K, used 91725K [0x0000000080000000, 0x0000000100000000)
  region size 1024K, 2 young (2048K), 2 survivors (2048K)
 Metaspace       used 63751K, committed 64320K, reserved 1105920K
  class space    used 8476K, committed 8704K, reserved 1048576K
}
Event: 4.976 GC heap before
{Heap before GC invocations=33 (full 0):
 garbage-first heap   total 160768K, used 119373K [0x0000000080000000, 0x0000000100000000)
  region size 1024K, 26 young (26624K), 2 survivors (2048K)
 Metaspace       used 67811K, committed 68480K, reserved 1114112K
  class space    used 9032K, committed 9344K, reserved 1048576K
}
Event: 4.980 GC heap after
{Heap after GC invocations=34 (full 0):
 garbage-first heap   total 160768K, used 98652K [0x0000000080000000, 0x0000000100000000)
  region size 1024K, 4 young (4096K), 4 survivors (4096K)
 Metaspace       used 67811K, committed 68480K, reserved 1114112K
  class space    used 9032K, committed 9344K, reserved 1048576K
}
Event: 4.985 GC heap before
{Heap before GC invocations=34 (full 0):
 garbage-first heap   total 160768K, used 101724K [0x0000000080000000, 0x0000000100000000)
  region size 1024K, 7 young (7168K), 4 survivors (4096K)
 Metaspace       used 67811K, committed 68480K, reserved 1114112K
  class space    used 9032K, committed 9344K, reserved 1048576K
}
Event: 4.988 GC heap after
{Heap after GC invocations=35 (full 0):
 garbage-first heap   total 160768K, used 100290K [0x0000000080000000, 0x0000000100000000)
  region size 1024K, 1 young (1024K), 1 survivors (1024K)
 Metaspace       used 67811K, committed 68480K, reserved 1114112K
  class space    used 9032K, committed 9344K, reserved 1048576K
}
Event: 4.997 GC heap before
{Heap before GC invocations=35 (full 0):
 garbage-first heap   total 160768K, used 101314K [0x0000000080000000, 0x0000000100000000)
  region size 1024K, 3 young (3072K), 1 survivors (1024K)
 Metaspace       used 67817K, committed 68480K, reserved 1114112K
  class space    used 9032K, committed 9344K, reserved 1048576K
}

