# JRE version: OpenJDK Runtime Environment (17.0.6) (build 17.0.6+0-b2043.56-10027231)
# Java VM: OpenJDK 64-Bit Server VM (17.0.6+0-b2043.56-10027231, mixed mode, tiered, compressed oops, compressed class ptrs, g1 gc, windows-amd64)
GC Precious Log:
 CPUs: 8 total, 8 available
 Memory: 16106M
 Large Page Support: Disabled
 NUMA Support: Disabled
 Compressed Oops: Enabled (32-bit)
 Heap Region Size: 1M
 Heap Min Capacity: 8M
 Heap Initial Capacity: 252M
 Heap Max Capacity: 2G
 Pre-touch: Disabled
 Parallel Workers: 8
 Concurrent Workers: 2
 Concurrent Refinement Workers: 8
 Periodic GC: Disabled
Heap:
 garbage-first heap   total 232448K, used 167936K [0x0000000080000000, 0x0000000100000000)
  region size 1024K, 13 young (13312K), 6 survivors (6144K)
 Metaspace       used 94697K, committed 95424K, reserved 1138688K
  class space    used 12781K, committed 13120K, reserved 1048576K
GC Heap History (20 events):
Event: 4.360 GC heap before
{Heap before GC invocations=30 (full 0):
 garbage-first heap   total 140288K, used 92207K [0x0000000080000000, 0x0000000100000000)
  region size 1024K, 6 young (6144K), 5 survivors (5120K)
 Metaspace       used 59606K, committed 60288K, reserved 1105920K
  class space    used 8031K, committed 8320K, reserved 1048576K
}
Event: 4.364 GC heap after
{Heap after GC invocations=31 (full 0):
 garbage-first heap   total 140288K, used 91822K [0x0000000080000000, 0x0000000100000000)
  region size 1024K, 1 young (1024K), 1 survivors (1024K)
 Metaspace       used 59606K, committed 60288K, reserved 1105920K
  class space    used 8031K, committed 8320K, reserved 1048576K
}
Event: 4.564 GC heap before
{Heap before GC invocations=31 (full 0):
 garbage-first heap   total 140288K, used 115374K [0x0000000080000000, 0x0000000100000000)
  region size 1024K, 24 young (24576K), 1 survivors (1024K)
 Metaspace       used 63642K, committed 64256K, reserved 1105920K
  class space    used 8455K, committed 8704K, reserved 1048576K
}
Event: 4.566 GC heap after
{Heap after GC invocations=32 (full 0):
 garbage-first heap   total 232448K, used 92360K [0x0000000080000000, 0x0000000100000000)
  region size 1024K, 1 young (1024K), 1 survivors (1024K)
 Metaspace       used 63642K, committed 64256K, reserved 1105920K
  class space    used 8455K, committed 8704K, reserved 1048576K
}
Event: 5.153 GC heap before
{Heap before GC invocations=33 (full 0):
 garbage-first heap   total 232448K, used 168136K [0x0000000080000000, 0x0000000100000000)
  region size 1024K, 69 young (70656K), 1 survivors (1024K)
 Metaspace       used 71445K, committed 72128K, reserved 1114112K
  class space    used 9483K, committed 9792K, reserved 1048576K
}
Event: 5.158 GC heap after
{Heap after GC invocations=34 (full 0):
 garbage-first heap   total 232448K, used 98342K [0x0000000080000000, 0x0000000100000000)
  region size 1024K, 7 young (7168K), 7 survivors (7168K)
 Metaspace       used 71445K, committed 72128K, reserved 1114112K
  class space    used 9483K, committed 9792K, reserved 1048576K
}
Event: 5.214 GC heap before
{Heap before GC invocations=34 (full 0):
 garbage-first heap   total 232448K, used 102438K [0x0000000080000000, 0x0000000100000000)
  region size 1024K, 11 young (11264K), 7 survivors (7168K)
 Metaspace       used 72189K, committed 72896K, reserved 1114112K
  class space    used 9587K, committed 9856K, reserved 1048576K
}
Event: 5.219 GC heap after
{Heap after GC invocations=35 (full 0):
 garbage-first heap   total 232448K, used 98831K [0x0000000080000000, 0x0000000100000000)
  region size 1024K, 1 young (1024K), 1 survivors (1024K)
 Metaspace       used 72189K, committed 72896K, reserved 1114112K
  class space    used 9587K, committed 9856K, reserved 1048576K
}
Event: 5.735 GC heap before
{Heap before GC invocations=35 (full 0):
 garbage-first heap   total 232448K, used 176655K [0x0000000080000000, 0x0000000100000000)
  region size 1024K, 77 young (78848K), 1 survivors (1024K)
 Metaspace       used 79048K, committed 79744K, reserved 1122304K
  class space    used 10502K, committed 10816K, reserved 1048576K
}
Event: 5.740 GC heap after
{Heap after GC invocations=36 (full 0):
 garbage-first heap   total 232448K, used 104768K [0x0000000080000000, 0x0000000100000000)
  region size 1024K, 7 young (7168K), 7 survivors (7168K)
 Metaspace       used 79048K, committed 79744K, reserved 1122304K
  class space    used 10502K, committed 10816K, reserved 1048576K
}
Event: 6.353 GC heap before
{Heap before GC invocations=36 (full 0):
 garbage-first heap   total 232448K, used 181568K [0x0000000080000000, 0x0000000100000000)
  region size 1024K, 81 young (82944K), 7 survivors (7168K)
 Metaspace       used 87517K, committed 88256K, reserved 1130496K
  class space    used 11870K, committed 12160K, reserved 1048576K
}
Event: 6.359 GC heap after
{Heap after GC invocations=37 (full 0):
 garbage-first heap   total 232448K, used 109341K [0x0000000080000000, 0x0000000100000000)
  region size 1024K, 5 young (5120K), 5 survivors (5120K)
 Metaspace       used 87517K, committed 88256K, reserved 1130496K
  class space    used 11870K, committed 12160K, reserved 1048576K
}
Event: 6.467 GC heap before
{Heap before GC invocations=37 (full 0):
 garbage-first heap   total 232448K, used 122653K [0x0000000080000000, 0x0000000100000000)
  region size 1024K, 19 young (19456K), 5 survivors (5120K)
 Metaspace       used 88861K, committed 89600K, reserved 1130496K
  class space    used 12020K, committed 12352K, reserved 1048576K
}
Event: 6.472 GC heap after
{Heap after GC invocations=38 (full 0):
 garbage-first heap   total 232448K, used 112755K [0x0000000080000000, 0x0000000100000000)
  region size 1024K, 8 young (8192K), 8 survivors (8192K)
 Metaspace       used 88861K, committed 89600K, reserved 1130496K
  class space    used 12020K, committed 12352K, reserved 1048576K
}
Event: 7.095 GC heap before
{Heap before GC invocations=39 (full 0):
 garbage-first heap   total 232448K, used 211059K [0x0000000080000000, 0x0000000100000000)
  region size 1024K, 79 young (80896K), 8 survivors (8192K)
 Metaspace       used 94679K, committed 95424K, reserved 1138688K
  class space    used 12780K, committed 13120K, reserved 1048576K
}
Event: 7.105 GC heap after
{Heap after GC invocations=40 (full 0):
 garbage-first heap   total 232448K, used 148410K [0x0000000080000000, 0x0000000100000000)
  region size 1024K, 10 young (10240K), 10 survivors (10240K)
 Metaspace       used 94679K, committed 95424K, reserved 1138688K
  class space    used 12780K, committed 13120K, reserved 1048576K
}
Event: 7.108 GC heap before
{Heap before GC invocations=40 (full 0):
 garbage-first heap   total 232448K, used 149434K [0x0000000080000000, 0x0000000100000000)
  region size 1024K, 11 young (11264K), 10 survivors (10240K)
 Metaspace       used 94679K, committed 95424K, reserved 1138688K
  class space    used 12780K, committed 13120K, reserved 1048576K
}
Event: 7.115 GC heap after
{Heap after GC invocations=41 (full 0):
 garbage-first heap   total 232448K, used 149358K [0x0000000080000000, 0x0000000100000000)
  region size 1024K, 1 young (1024K), 1 survivors (1024K)
 Metaspace       used 94679K, committed 95424K, reserved 1138688K
  class space    used 12780K, committed 13120K, reserved 1048576K
}
Event: 7.217 GC heap before
{Heap before GC invocations=41 (full 0):
 garbage-first heap   total 232448K, used 193390K [0x0000000080000000, 0x0000000100000000)
  region size 1024K, 44 young (45056K), 1 survivors (1024K)
 Metaspace       used 94687K, committed 95424K, reserved 1138688K
  class space    used 12781K, committed 13120K, reserved 1048576K
}
Event: 7.224 GC heap after
{Heap after GC invocations=42 (full 0):
 garbage-first heap   total 232448K, used 165888K [0x0000000080000000, 0x0000000100000000)
  region size 1024K, 6 young (6144K), 6 survivors (6144K)
 Metaspace       used 94687K, committed 95424K, reserved 1138688K
  class space    used 12781K, committed 13120K, reserved 1048576K
}

