# JRE version: OpenJDK Runtime Environment (17.0.6) (build 17.0.6+0-b2043.56-10027231)
# Java VM: OpenJDK 64-Bit Server VM (17.0.6+0-b2043.56-10027231, mixed mode, tiered, compressed oops, compressed class ptrs, g1 gc, windows-amd64)
GC Precious Log:
 CPUs: 8 total, 8 available
 Memory: 16106M
 Large Page Support: Disabled
 NUMA Support: Disabled
 Compressed Oops: Enabled (32-bit)
 Heap Region Size: 1M
 Heap Min Capacity: 8M
 Heap Initial Capacity: 252M
 Heap Max Capacity: 2G
 Pre-touch: Disabled
 Parallel Workers: 8
 Concurrent Workers: 2
 Concurrent Refinement Workers: 8
 Periodic GC: Disabled
Heap:
 garbage-first heap   total 397312K, used 159995K [0x0000000080000000, 0x0000000100000000)
  region size 1024K, 37 young (37888K), 5 survivors (5120K)
 Metaspace       used 93184K, committed 93952K, reserved 1130496K
  class space    used 12778K, committed 13120K, reserved 1048576K
GC Heap History (20 events):
Event: 4.688 GC heap before
{Heap before GC invocations=32 (full 0):
 garbage-first heap   total 160768K, used 110203K [0x0000000080000000, 0x0000000100000000)
  region size 1024K, 24 young (24576K), 5 survivors (5120K)
 Metaspace       used 63021K, committed 63744K, reserved 1105920K
  class space    used 8959K, committed 9280K, reserved 1048576K
}
Event: 4.690 GC heap after
{Heap after GC invocations=33 (full 0):
 garbage-first heap   total 193536K, used 91880K [0x0000000080000000, 0x0000000100000000)
  region size 1024K, 3 young (3072K), 3 survivors (3072K)
 Metaspace       used 63021K, committed 63744K, reserved 1105920K
  class space    used 8959K, committed 9280K, reserved 1048576K
}
Event: 5.121 GC heap before
{Heap before GC invocations=33 (full 0):
 garbage-first heap   total 193536K, used 129768K [0x0000000080000000, 0x0000000100000000)
  region size 1024K, 40 young (40960K), 3 survivors (3072K)
 Metaspace       used 69628K, committed 70400K, reserved 1114112K
  class space    used 9751K, committed 10112K, reserved 1048576K
}
Event: 5.124 GC heap after
{Heap after GC invocations=34 (full 0):
 garbage-first heap   total 193536K, used 93818K [0x0000000080000000, 0x0000000100000000)
  region size 1024K, 4 young (4096K), 4 survivors (4096K)
 Metaspace       used 69628K, committed 70400K, reserved 1114112K
  class space    used 9751K, committed 10112K, reserved 1048576K
}
Event: 5.439 GC heap before
{Heap before GC invocations=35 (full 0):
 garbage-first heap   total 193536K, used 141946K [0x0000000080000000, 0x0000000100000000)
  region size 1024K, 45 young (46080K), 4 survivors (4096K)
 Metaspace       used 73618K, committed 74368K, reserved 1114112K
  class space    used 10278K, committed 10624K, reserved 1048576K
}
Event: 5.442 GC heap after
{Heap after GC invocations=36 (full 0):
 garbage-first heap   total 193536K, used 97952K [0x0000000080000000, 0x0000000100000000)
  region size 1024K, 6 young (6144K), 6 survivors (6144K)
 Metaspace       used 73618K, committed 74368K, reserved 1114112K
  class space    used 10278K, committed 10624K, reserved 1048576K
}
Event: 5.462 GC heap before
{Heap before GC invocations=36 (full 0):
 garbage-first heap   total 193536K, used 101024K [0x0000000080000000, 0x0000000100000000)
  region size 1024K, 9 young (9216K), 6 survivors (6144K)
 Metaspace       used 73864K, committed 74624K, reserved 1114112K
  class space    used 10305K, committed 10624K, reserved 1048576K
}
Event: 5.465 GC heap after
{Heap after GC invocations=37 (full 0):
 garbage-first heap   total 193536K, used 98723K [0x0000000080000000, 0x0000000100000000)
  region size 1024K, 1 young (1024K), 1 survivors (1024K)
 Metaspace       used 73864K, committed 74624K, reserved 1114112K
  class space    used 10305K, committed 10624K, reserved 1048576K
}
Event: 5.826 GC heap before
{Heap before GC invocations=37 (full 0):
 garbage-first heap   total 193536K, used 143779K [0x0000000080000000, 0x0000000100000000)
  region size 1024K, 45 young (46080K), 1 survivors (1024K)
 Metaspace       used 78472K, committed 79232K, reserved 1122304K
  class space    used 10900K, committed 11264K, reserved 1048576K
}
Event: 5.828 GC heap after
{Heap after GC invocations=38 (full 0):
 garbage-first heap   total 193536K, used 100969K [0x0000000080000000, 0x0000000100000000)
  region size 1024K, 4 young (4096K), 4 survivors (4096K)
 Metaspace       used 78472K, committed 79232K, reserved 1122304K
  class space    used 10900K, committed 11264K, reserved 1048576K
}
Event: 6.131 GC heap before
{Heap before GC invocations=39 (full 0):
 garbage-first heap   total 193536K, used 147049K [0x0000000080000000, 0x0000000100000000)
  region size 1024K, 49 young (50176K), 4 survivors (4096K)
 Metaspace       used 82827K, committed 83456K, reserved 1122304K
  class space    used 11485K, committed 11776K, reserved 1048576K
}
Event: 6.135 GC heap after
{Heap after GC invocations=40 (full 0):
 garbage-first heap   total 193536K, used 105282K [0x0000000080000000, 0x0000000100000000)
  region size 1024K, 7 young (7168K), 7 survivors (7168K)
 Metaspace       used 82827K, committed 83456K, reserved 1122304K
  class space    used 11485K, committed 11776K, reserved 1048576K
}
Event: 6.364 GC heap before
{Heap before GC invocations=40 (full 0):
 garbage-first heap   total 193536K, used 134978K [0x0000000080000000, 0x0000000100000000)
  region size 1024K, 38 young (38912K), 7 survivors (7168K)
 Metaspace       used 86978K, committed 87744K, reserved 1130496K
  class space    used 12012K, committed 12352K, reserved 1048576K
}
Event: 6.368 GC heap after
{Heap after GC invocations=41 (full 0):
 garbage-first heap   total 193536K, used 107046K [0x0000000080000000, 0x0000000100000000)
  region size 1024K, 2 young (2048K), 2 survivors (2048K)
 Metaspace       used 86978K, committed 87744K, reserved 1130496K
  class space    used 12012K, committed 12352K, reserved 1048576K
}
Event: 6.676 GC heap before
{Heap before GC invocations=42 (full 0):
 garbage-first heap   total 198656K, used 164390K [0x0000000080000000, 0x0000000100000000)
  region size 1024K, 48 young (49152K), 2 survivors (2048K)
 Metaspace       used 93003K, committed 93760K, reserved 1130496K
  class space    used 12772K, committed 13120K, reserved 1048576K
}
Event: 6.679 GC heap after
{Heap after GC invocations=43 (full 0):
 garbage-first heap   total 198656K, used 120818K [0x0000000080000000, 0x0000000100000000)
  region size 1024K, 6 young (6144K), 6 survivors (6144K)
 Metaspace       used 93003K, committed 93760K, reserved 1130496K
  class space    used 12772K, committed 13120K, reserved 1048576K
}
Event: 6.685 GC heap before
{Heap before GC invocations=43 (full 0):
 garbage-first heap   total 198656K, used 123890K [0x0000000080000000, 0x0000000100000000)
  region size 1024K, 9 young (9216K), 6 survivors (6144K)
 Metaspace       used 93003K, committed 93760K, reserved 1130496K
  class space    used 12772K, committed 13120K, reserved 1048576K
}
Event: 6.688 GC heap after
{Heap after GC invocations=44 (full 0):
 garbage-first heap   total 198656K, used 121359K [0x0000000080000000, 0x0000000100000000)
  region size 1024K, 2 young (2048K), 2 survivors (2048K)
 Metaspace       used 93003K, committed 93760K, reserved 1130496K
  class space    used 12772K, committed 13120K, reserved 1048576K
}
Event: 6.809 GC heap before
{Heap before GC invocations=44 (full 0):
 garbage-first heap   total 198656K, used 159247K [0x0000000080000000, 0x0000000100000000)
  region size 1024K, 39 young (39936K), 2 survivors (2048K)
 Metaspace       used 93170K, committed 93952K, reserved 1130496K
  class space    used 12777K, committed 13120K, reserved 1048576K
}
Event: 6.819 GC heap after
{Heap after GC invocations=45 (full 0):
 garbage-first heap   total 397312K, used 128251K [0x0000000080000000, 0x0000000100000000)
  region size 1024K, 5 young (5120K), 5 survivors (5120K)
 Metaspace       used 93170K, committed 93952K, reserved 1130496K
  class space    used 12777K, committed 13120K, reserved 1048576K
}

