# JRE version: OpenJDK Runtime Environment (17.0.6) (build 17.0.6+0-b2043.56-10027231)
# Java VM: OpenJDK 64-Bit Server VM (17.0.6+0-b2043.56-10027231, mixed mode, tiered, compressed oops, compressed class ptrs, g1 gc, windows-amd64)
GC Precious Log:
 CPUs: 8 total, 8 available
 Memory: 16106M
 Large Page Support: Disabled
 NUMA Support: Disabled
 Compressed Oops: Enabled (32-bit)
 Heap Region Size: 1M
 Heap Min Capacity: 8M
 Heap Initial Capacity: 252M
 Heap Max Capacity: 2G
 Pre-touch: Disabled
 Parallel Workers: 8
 Concurrent Workers: 2
 Concurrent Refinement Workers: 8
 Periodic GC: Disabled
Heap:
 garbage-first heap   total 155648K, used 113042K [0x0000000080000000, 0x0000000100000000)
  region size 1024K, 26 young (26624K), 4 survivors (4096K)
 Metaspace       used 63075K, committed 63744K, reserved 1105920K
  class space    used 8389K, committed 8640K, reserved 1048576K
GC Heap History (20 events):
Event: 3.239 GC heap before
{Heap before GC invocations=15 (full 0):
 garbage-first heap   total 104448K, used 84529K [0x0000000080000000, 0x0000000100000000)
  region size 1024K, 27 young (27648K), 3 survivors (3072K)
 Metaspace       used 46134K, committed 46464K, reserved 1089536K
  class space    used 6122K, committed 6272K, reserved 1048576K
}
Event: 3.242 GC heap after
{Heap after GC invocations=16 (full 0):
 garbage-first heap   total 104448K, used 58156K [0x0000000080000000, 0x0000000100000000)
  region size 1024K, 2 young (2048K), 2 survivors (2048K)
 Metaspace       used 46134K, committed 46464K, reserved 1089536K
  class space    used 6122K, committed 6272K, reserved 1048576K
}
Event: 3.314 GC heap before
{Heap before GC invocations=16 (full 0):
 garbage-first heap   total 104448K, used 64300K [0x0000000080000000, 0x0000000100000000)
  region size 1024K, 9 young (9216K), 2 survivors (2048K)
 Metaspace       used 46612K, committed 47040K, reserved 1097728K
  class space    used 6197K, committed 6400K, reserved 1048576K
}
Event: 3.317 GC heap after
{Heap after GC invocations=17 (full 0):
 garbage-first heap   total 104448K, used 59474K [0x0000000080000000, 0x0000000100000000)
  region size 1024K, 4 young (4096K), 4 survivors (4096K)
 Metaspace       used 46612K, committed 47040K, reserved 1097728K
  class space    used 6197K, committed 6400K, reserved 1048576K
}
Event: 3.438 GC heap before
{Heap before GC invocations=18 (full 0):
 garbage-first heap   total 114688K, used 74790K [0x0000000080000000, 0x0000000100000000)
  region size 1024K, 15 young (15360K), 4 survivors (4096K)
 Metaspace       used 47334K, committed 47744K, reserved 1097728K
  class space    used 6279K, committed 6464K, reserved 1048576K
}
Event: 3.442 GC heap after
{Heap after GC invocations=19 (full 0):
 garbage-first heap   total 114688K, used 68135K [0x0000000080000000, 0x0000000100000000)
  region size 1024K, 4 young (4096K), 4 survivors (4096K)
 Metaspace       used 47334K, committed 47744K, reserved 1097728K
  class space    used 6279K, committed 6464K, reserved 1048576K
}
Event: 3.652 GC heap before
{Heap before GC invocations=20 (full 0):
 garbage-first heap   total 117760K, used 88615K [0x0000000080000000, 0x0000000100000000)
  region size 1024K, 23 young (23552K), 4 survivors (4096K)
 Metaspace       used 49639K, committed 50176K, reserved 1097728K
  class space    used 6511K, committed 6720K, reserved 1048576K
}
Event: 3.655 GC heap after
{Heap after GC invocations=21 (full 0):
 garbage-first heap   total 117760K, used 69217K [0x0000000080000000, 0x0000000100000000)
  region size 1024K, 2 young (2048K), 2 survivors (2048K)
 Metaspace       used 49639K, committed 50176K, reserved 1097728K
  class space    used 6511K, committed 6720K, reserved 1048576K
}
Event: 3.845 GC heap before
{Heap before GC invocations=21 (full 0):
 garbage-first heap   total 117760K, used 90721K [0x0000000080000000, 0x0000000100000000)
  region size 1024K, 24 young (24576K), 2 survivors (2048K)
 Metaspace       used 51692K, committed 52288K, reserved 1097728K
  class space    used 6880K, committed 7168K, reserved 1048576K
}
Event: 3.847 GC heap after
{Heap after GC invocations=22 (full 0):
 garbage-first heap   total 117760K, used 70600K [0x0000000080000000, 0x0000000100000000)
  region size 1024K, 2 young (2048K), 2 survivors (2048K)
 Metaspace       used 51692K, committed 52288K, reserved 1097728K
  class space    used 6880K, committed 7168K, reserved 1048576K
}
Event: 4.082 GC heap before
{Heap before GC invocations=23 (full 0):
 garbage-first heap   total 124928K, used 92104K [0x0000000080000000, 0x0000000100000000)
  region size 1024K, 24 young (24576K), 2 survivors (2048K)
 Metaspace       used 54249K, committed 54848K, reserved 1097728K
  class space    used 7308K, committed 7616K, reserved 1048576K
}
Event: 4.084 GC heap after
{Heap after GC invocations=24 (full 0):
 garbage-first heap   total 155648K, used 72042K [0x0000000080000000, 0x0000000100000000)
  region size 1024K, 3 young (3072K), 3 survivors (3072K)
 Metaspace       used 54249K, committed 54848K, reserved 1097728K
  class space    used 7308K, committed 7616K, reserved 1048576K
}
Event: 4.431 GC heap before
{Heap before GC invocations=24 (full 0):
 garbage-first heap   total 155648K, used 116074K [0x0000000080000000, 0x0000000100000000)
  region size 1024K, 47 young (48128K), 3 survivors (3072K)
 Metaspace       used 56397K, committed 57024K, reserved 1105920K
  class space    used 7589K, committed 7872K, reserved 1048576K
}
Event: 4.434 GC heap after
{Heap after GC invocations=25 (full 0):
 garbage-first heap   total 155648K, used 75261K [0x0000000080000000, 0x0000000100000000)
  region size 1024K, 6 young (6144K), 6 survivors (6144K)
 Metaspace       used 56397K, committed 57024K, reserved 1105920K
  class space    used 7589K, committed 7872K, reserved 1048576K
}
Event: 4.446 GC heap before
{Heap before GC invocations=25 (full 0):
 garbage-first heap   total 155648K, used 76285K [0x0000000080000000, 0x0000000100000000)
  region size 1024K, 8 young (8192K), 6 survivors (6144K)
 Metaspace       used 56413K, committed 57088K, reserved 1105920K
  class space    used 7590K, committed 7872K, reserved 1048576K
}
Event: 4.449 GC heap after
{Heap after GC invocations=26 (full 0):
 garbage-first heap   total 155648K, used 75628K [0x0000000080000000, 0x0000000100000000)
  region size 1024K, 4 young (4096K), 4 survivors (4096K)
 Metaspace       used 56413K, committed 57088K, reserved 1105920K
  class space    used 7590K, committed 7872K, reserved 1048576K
}
Event: 4.486 GC heap before
{Heap before GC invocations=27 (full 0):
 garbage-first heap   total 155648K, used 84844K [0x0000000080000000, 0x0000000100000000)
  region size 1024K, 9 young (9216K), 4 survivors (4096K)
 Metaspace       used 56493K, committed 57088K, reserved 1105920K
  class space    used 7599K, committed 7872K, reserved 1048576K
}
Event: 4.489 GC heap after
{Heap after GC invocations=28 (full 0):
 garbage-first heap   total 155648K, used 83711K [0x0000000080000000, 0x0000000100000000)
  region size 1024K, 7 young (7168K), 7 survivors (7168K)
 Metaspace       used 56493K, committed 57088K, reserved 1105920K
  class space    used 7599K, committed 7872K, reserved 1048576K
}
Event: 4.662 GC heap before
{Heap before GC invocations=29 (full 0):
 garbage-first heap   total 155648K, used 113407K [0x0000000080000000, 0x0000000100000000)
  region size 1024K, 32 young (32768K), 7 survivors (7168K)
 Metaspace       used 59325K, committed 59968K, reserved 1105920K
  class space    used 8000K, committed 8320K, reserved 1048576K
}
Event: 4.665 GC heap after
{Heap after GC invocations=30 (full 0):
 garbage-first heap   total 155648K, used 91538K [0x0000000080000000, 0x0000000100000000)
  region size 1024K, 4 young (4096K), 4 survivors (4096K)
 Metaspace       used 59325K, committed 59968K, reserved 1105920K
  class space    used 8000K, committed 8320K, reserved 1048576K
}

