# JRE version: OpenJDK Runtime Environment (17.0.6) (build 17.0.6+0-b2043.56-10027231)
# Java VM: OpenJDK 64-Bit Server VM (17.0.6+0-b2043.56-10027231, mixed mode, tiered, compressed oops, compressed class ptrs, g1 gc, windows-amd64)
GC Precious Log:
 CPUs: 8 total, 8 available
 Memory: 16106M
 Large Page Support: Disabled
 NUMA Support: Disabled
 Compressed Oops: Enabled (32-bit)
 Heap Region Size: 1M
 Heap Min Capacity: 8M
 Heap Initial Capacity: 252M
 Heap Max Capacity: 2G
 Pre-touch: Disabled
 Parallel Workers: 8
 Concurrent Workers: 2
 Concurrent Refinement Workers: 8
 Periodic GC: Disabled
Heap:
 garbage-first heap   total 145408K, used 93276K [0x0000000080000000, 0x0000000100000000)
  region size 1024K, 1 young (1024K), 1 survivors (1024K)
 Metaspace       used 59931K, committed 60608K, reserved 1105920K
  class space    used 8081K, committed 8384K, reserved 1048576K
GC Heap History (20 events):
Event: 2.862 GC heap after
{Heap after GC invocations=15 (full 0):
 garbage-first heap   total 102400K, used 57883K [0x0000000080000000, 0x0000000100000000)
  region size 1024K, 3 young (3072K), 3 survivors (3072K)
 Metaspace       used 42167K, committed 42560K, reserved 1089536K
  class space    used 5631K, committed 5824K, reserved 1048576K
}
Event: 3.108 GC heap before
{Heap before GC invocations=16 (full 0):
 garbage-first heap   total 106496K, used 83483K [0x0000000080000000, 0x0000000100000000)
  region size 1024K, 25 young (25600K), 3 survivors (3072K)
 Metaspace       used 45935K, committed 46400K, reserved 1089536K
  class space    used 6088K, committed 6272K, reserved 1048576K
}
Event: 3.111 GC heap after
{Heap after GC invocations=17 (full 0):
 garbage-first heap   total 106496K, used 58890K [0x0000000080000000, 0x0000000100000000)
  region size 1024K, 2 young (2048K), 2 survivors (2048K)
 Metaspace       used 45935K, committed 46400K, reserved 1089536K
  class space    used 6088K, committed 6272K, reserved 1048576K
}
Event: 3.193 GC heap before
{Heap before GC invocations=17 (full 0):
 garbage-first heap   total 106496K, used 66058K [0x0000000080000000, 0x0000000100000000)
  region size 1024K, 11 young (11264K), 2 survivors (2048K)
 Metaspace       used 46624K, committed 47040K, reserved 1097728K
  class space    used 6201K, committed 6400K, reserved 1048576K
}
Event: 3.195 GC heap after
{Heap after GC invocations=18 (full 0):
 garbage-first heap   total 106496K, used 60284K [0x0000000080000000, 0x0000000100000000)
  region size 1024K, 4 young (4096K), 4 survivors (4096K)
 Metaspace       used 46624K, committed 47040K, reserved 1097728K
  class space    used 6201K, committed 6400K, reserved 1048576K
}
Event: 3.281 GC heap before
{Heap before GC invocations=19 (full 0):
 garbage-first heap   total 117760K, used 75644K [0x0000000080000000, 0x0000000100000000)
  region size 1024K, 15 young (15360K), 4 survivors (4096K)
 Metaspace       used 47349K, committed 47808K, reserved 1097728K
  class space    used 6284K, committed 6464K, reserved 1048576K
}
Event: 3.284 GC heap after
{Heap after GC invocations=20 (full 0):
 garbage-first heap   total 117760K, used 68882K [0x0000000080000000, 0x0000000100000000)
  region size 1024K, 4 young (4096K), 4 survivors (4096K)
 Metaspace       used 47349K, committed 47808K, reserved 1097728K
  class space    used 6284K, committed 6464K, reserved 1048576K
}
Event: 3.475 GC heap before
{Heap before GC invocations=21 (full 0):
 garbage-first heap   total 119808K, used 90386K [0x0000000080000000, 0x0000000100000000)
  region size 1024K, 24 young (24576K), 4 survivors (4096K)
 Metaspace       used 49657K, committed 50176K, reserved 1097728K
  class space    used 6516K, committed 6720K, reserved 1048576K
}
Event: 3.478 GC heap after
{Heap after GC invocations=22 (full 0):
 garbage-first heap   total 119808K, used 69848K [0x0000000080000000, 0x0000000100000000)
  region size 1024K, 2 young (2048K), 2 survivors (2048K)
 Metaspace       used 49657K, committed 50176K, reserved 1097728K
  class space    used 6516K, committed 6720K, reserved 1048576K
}
Event: 3.684 GC heap before
{Heap before GC invocations=22 (full 0):
 garbage-first heap   total 119808K, used 92376K [0x0000000080000000, 0x0000000100000000)
  region size 1024K, 24 young (24576K), 2 survivors (2048K)
 Metaspace       used 51823K, committed 52416K, reserved 1097728K
  class space    used 6902K, committed 7168K, reserved 1048576K
}
Event: 3.687 GC heap after
{Heap after GC invocations=23 (full 0):
 garbage-first heap   total 119808K, used 71255K [0x0000000080000000, 0x0000000100000000)
  region size 1024K, 2 young (2048K), 2 survivors (2048K)
 Metaspace       used 51823K, committed 52416K, reserved 1097728K
  class space    used 6902K, committed 7168K, reserved 1048576K
}
Event: 3.957 GC heap before
{Heap before GC invocations=24 (full 0):
 garbage-first heap   total 124928K, used 92759K [0x0000000080000000, 0x0000000100000000)
  region size 1024K, 24 young (24576K), 2 survivors (2048K)
 Metaspace       used 54375K, committed 55040K, reserved 1097728K
  class space    used 7336K, committed 7616K, reserved 1048576K
}
Event: 3.959 GC heap after
{Heap after GC invocations=25 (full 0):
 garbage-first heap   total 124928K, used 72712K [0x0000000080000000, 0x0000000100000000)
  region size 1024K, 3 young (3072K), 3 survivors (3072K)
 Metaspace       used 54375K, committed 55040K, reserved 1097728K
  class space    used 7336K, committed 7616K, reserved 1048576K
}
Event: 4.203 GC heap before
{Heap before GC invocations=25 (full 0):
 garbage-first heap   total 124928K, used 99336K [0x0000000080000000, 0x0000000100000000)
  region size 1024K, 29 young (29696K), 3 survivors (3072K)
 Metaspace       used 56097K, committed 56768K, reserved 1105920K
  class space    used 7562K, committed 7872K, reserved 1048576K
}
Event: 4.206 GC heap after
{Heap after GC invocations=26 (full 0):
 garbage-first heap   total 124928K, used 75162K [0x0000000080000000, 0x0000000100000000)
  region size 1024K, 4 young (4096K), 4 survivors (4096K)
 Metaspace       used 56097K, committed 56768K, reserved 1105920K
  class space    used 7562K, committed 7872K, reserved 1048576K
}
Event: 4.324 GC heap before
{Heap before GC invocations=27 (full 0):
 garbage-first heap   total 137216K, used 91546K [0x0000000080000000, 0x0000000100000000)
  region size 1024K, 22 young (22528K), 4 survivors (4096K)
 Metaspace       used 56402K, committed 57024K, reserved 1105920K
  class space    used 7586K, committed 7872K, reserved 1048576K
}
Event: 4.327 GC heap after
{Heap after GC invocations=28 (full 0):
 garbage-first heap   total 137216K, used 76526K [0x0000000080000000, 0x0000000100000000)
  region size 1024K, 3 young (3072K), 3 survivors (3072K)
 Metaspace       used 56402K, committed 57024K, reserved 1105920K
  class space    used 7586K, committed 7872K, reserved 1048576K
}
Event: 4.562 GC heap before
{Heap before GC invocations=29 (full 0):
 garbage-first heap   total 145408K, used 118510K [0x0000000080000000, 0x0000000100000000)
  region size 1024K, 35 young (35840K), 3 survivors (3072K)
 Metaspace       used 59633K, committed 60288K, reserved 1105920K
  class space    used 8034K, committed 8320K, reserved 1048576K
}
Event: 4.565 GC heap after
{Heap after GC invocations=30 (full 0):
 garbage-first heap   total 145408K, used 92948K [0x0000000080000000, 0x0000000100000000)
  region size 1024K, 5 young (5120K), 5 survivors (5120K)
 Metaspace       used 59633K, committed 60288K, reserved 1105920K
  class space    used 8034K, committed 8320K, reserved 1048576K
}
Event: 4.588 GC heap before
{Heap before GC invocations=30 (full 0):
 garbage-first heap   total 145408K, used 93972K [0x0000000080000000, 0x0000000100000000)
  region size 1024K, 7 young (7168K), 5 survivors (5120K)
 Metaspace       used 59931K, committed 60608K, reserved 1105920K
  class space    used 8081K, committed 8384K, reserved 1048576K
}

