# JRE version: OpenJDK Runtime Environment (17.0.6) (build 17.0.6+0-b2043.56-10027231)
# Java VM: OpenJDK 64-Bit Server VM (17.0.6+0-b2043.56-10027231, mixed mode, tiered, compressed oops, compressed class ptrs, g1 gc, windows-amd64)
GC Precious Log:
 CPUs: 8 total, 8 available
 Memory: 16106M
 Large Page Support: Disabled
 NUMA Support: Disabled
 Compressed Oops: Enabled (32-bit)
 Heap Region Size: 1M
 Heap Min Capacity: 8M
 Heap Initial Capacity: 252M
 Heap Max Capacity: 2G
 Pre-touch: Disabled
 Parallel Workers: 8
 Concurrent Workers: 2
 Concurrent Refinement Workers: 8
 Periodic GC: Disabled
Heap:
 garbage-first heap   total 153600K, used 111366K [0x0000000080000000, 0x0000000100000000)
  region size 1024K, 29 young (29696K), 4 survivors (4096K)
 Metaspace       used 63509K, committed 64256K, reserved 1105920K
  class space    used 9008K, committed 9344K, reserved 1048576K
GC Heap History (20 events):
Event: 207.518 GC heap before
{Heap before GC invocations=15 (full 0):
 garbage-first heap   total 91136K, used 73977K [0x0000000080000000, 0x0000000100000000)
  region size 1024K, 22 young (22528K), 3 survivors (3072K)
 Metaspace       used 43132K, committed 43584K, reserved 1089536K
  class space    used 5758K, committed 5952K, reserved 1048576K
}
Event: 207.522 GC heap after
{Heap after GC invocations=16 (full 0):
 garbage-first heap   total 91136K, used 57376K [0x0000000080000000, 0x0000000100000000)
  region size 1024K, 3 young (3072K), 3 survivors (3072K)
 Metaspace       used 43132K, committed 43584K, reserved 1089536K
  class space    used 5758K, committed 5952K, reserved 1048576K
}
Event: 207.730 GC heap before
{Heap before GC invocations=17 (full 0):
 garbage-first heap   total 106496K, used 75808K [0x0000000080000000, 0x0000000100000000)
  region size 1024K, 19 young (19456K), 3 survivors (3072K)
 Metaspace       used 45951K, committed 46400K, reserved 1089536K
  class space    used 6067K, committed 6272K, reserved 1048576K
}
Event: 207.733 GC heap after
{Heap after GC invocations=18 (full 0):
 garbage-first heap   total 128000K, used 59117K [0x0000000080000000, 0x0000000100000000)
  region size 1024K, 2 young (2048K), 2 survivors (2048K)
 Metaspace       used 45951K, committed 46400K, reserved 1089536K
  class space    used 6067K, committed 6272K, reserved 1048576K
}
Event: 207.918 GC heap before
{Heap before GC invocations=18 (full 0):
 garbage-first heap   total 128000K, used 74477K [0x0000000080000000, 0x0000000100000000)
  region size 1024K, 19 young (19456K), 2 survivors (2048K)
 Metaspace       used 47708K, committed 48192K, reserved 1097728K
  class space    used 6330K, committed 6528K, reserved 1048576K
}
Event: 207.920 GC heap after
{Heap after GC invocations=19 (full 0):
 garbage-first heap   total 128000K, used 60664K [0x0000000080000000, 0x0000000100000000)
  region size 1024K, 4 young (4096K), 4 survivors (4096K)
 Metaspace       used 47708K, committed 48192K, reserved 1097728K
  class space    used 6330K, committed 6528K, reserved 1048576K
}
Event: 208.018 GC heap before
{Heap before GC invocations=20 (full 0):
 garbage-first heap   total 128000K, used 77048K [0x0000000080000000, 0x0000000100000000)
  region size 1024K, 15 young (15360K), 4 survivors (4096K)
 Metaspace       used 48417K, committed 48832K, reserved 1097728K
  class space    used 6412K, committed 6592K, reserved 1048576K
}
Event: 208.020 GC heap after
{Heap after GC invocations=21 (full 0):
 garbage-first heap   total 128000K, used 69046K [0x0000000080000000, 0x0000000100000000)
  region size 1024K, 4 young (4096K), 4 survivors (4096K)
 Metaspace       used 48417K, committed 48832K, reserved 1097728K
  class space    used 6412K, committed 6592K, reserved 1048576K
}
Event: 208.208 GC heap before
{Heap before GC invocations=22 (full 0):
 garbage-first heap   total 128000K, used 94646K [0x0000000080000000, 0x0000000100000000)
  region size 1024K, 29 young (29696K), 4 survivors (4096K)
 Metaspace       used 50699K, committed 51200K, reserved 1097728K
  class space    used 6645K, committed 6848K, reserved 1048576K
}
Event: 208.210 GC heap after
{Heap after GC invocations=23 (full 0):
 garbage-first heap   total 128000K, used 70367K [0x0000000080000000, 0x0000000100000000)
  region size 1024K, 2 young (2048K), 2 survivors (2048K)
 Metaspace       used 50699K, committed 51200K, reserved 1097728K
  class space    used 6645K, committed 6848K, reserved 1048576K
}
Event: 208.261 GC heap before
{Heap before GC invocations=23 (full 0):
 garbage-first heap   total 128000K, used 74463K [0x0000000080000000, 0x0000000100000000)
  region size 1024K, 6 young (6144K), 2 survivors (2048K)
 Metaspace       used 51066K, committed 51584K, reserved 1097728K
  class space    used 6709K, committed 6912K, reserved 1048576K
}
Event: 208.263 GC heap after
{Heap after GC invocations=24 (full 0):
 garbage-first heap   total 128000K, used 70830K [0x0000000080000000, 0x0000000100000000)
  region size 1024K, 1 young (1024K), 1 survivors (1024K)
 Metaspace       used 51066K, committed 51584K, reserved 1097728K
  class space    used 6709K, committed 6912K, reserved 1048576K
}
Event: 208.503 GC heap before
{Heap before GC invocations=24 (full 0):
 garbage-first heap   total 128000K, used 97454K [0x0000000080000000, 0x0000000100000000)
  region size 1024K, 27 young (27648K), 1 survivors (1024K)
 Metaspace       used 54084K, committed 54720K, reserved 1097728K
  class space    used 7255K, committed 7552K, reserved 1048576K
}
Event: 208.505 GC heap after
{Heap after GC invocations=25 (full 0):
 garbage-first heap   total 128000K, used 72447K [0x0000000080000000, 0x0000000100000000)
  region size 1024K, 3 young (3072K), 3 survivors (3072K)
 Metaspace       used 54084K, committed 54720K, reserved 1097728K
  class space    used 7255K, committed 7552K, reserved 1048576K
}
Event: 208.909 GC heap before
{Heap before GC invocations=26 (full 0):
 garbage-first heap   total 128000K, used 99071K [0x0000000080000000, 0x0000000100000000)
  region size 1024K, 29 young (29696K), 3 survivors (3072K)
 Metaspace       used 56802K, committed 57408K, reserved 1105920K
  class space    used 7658K, committed 7936K, reserved 1048576K
}
Event: 208.912 GC heap after
{Heap after GC invocations=27 (full 0):
 garbage-first heap   total 153600K, used 74714K [0x0000000080000000, 0x0000000100000000)
  region size 1024K, 4 young (4096K), 4 survivors (4096K)
 Metaspace       used 56802K, committed 57408K, reserved 1105920K
  class space    used 7658K, committed 7936K, reserved 1048576K
}
Event: 208.967 GC heap before
{Heap before GC invocations=27 (full 0):
 garbage-first heap   total 153600K, used 77786K [0x0000000080000000, 0x0000000100000000)
  region size 1024K, 7 young (7168K), 4 survivors (4096K)
 Metaspace       used 57014K, committed 57664K, reserved 1105920K
  class space    used 7678K, committed 8000K, reserved 1048576K
}
Event: 208.971 GC heap after
{Heap after GC invocations=28 (full 0):
 garbage-first heap   total 153600K, used 75095K [0x0000000080000000, 0x0000000100000000)
  region size 1024K, 1 young (1024K), 1 survivors (1024K)
 Metaspace       used 57014K, committed 57664K, reserved 1105920K
  class space    used 7678K, committed 8000K, reserved 1048576K
}
Event: 209.330 GC heap before
{Heap before GC invocations=28 (full 0):
 garbage-first heap   total 153600K, used 114007K [0x0000000080000000, 0x0000000100000000)
  region size 1024K, 41 young (41984K), 1 survivors (1024K)
 Metaspace       used 61340K, committed 62016K, reserved 1105920K
  class space    used 8695K, committed 9024K, reserved 1048576K
}
Event: 209.333 GC heap after
{Heap after GC invocations=29 (full 0):
 garbage-first heap   total 153600K, used 77574K [0x0000000080000000, 0x0000000100000000)
  region size 1024K, 4 young (4096K), 4 survivors (4096K)
 Metaspace       used 61340K, committed 62016K, reserved 1105920K
  class space    used 8695K, committed 9024K, reserved 1048576K
}

