# JRE version: OpenJDK Runtime Environment (17.0.6) (build 17.0.6+0-b2043.56-10027231)
# Java VM: OpenJDK 64-Bit Server VM (17.0.6+0-b2043.56-10027231, mixed mode, tiered, compressed oops, compressed class ptrs, g1 gc, windows-amd64)
GC Precious Log:
 CPUs: 8 total, 8 available
 Memory: 16106M
 Large Page Support: Disabled
 NUMA Support: Disabled
 Compressed Oops: Enabled (32-bit)
 Heap Region Size: 1M
 Heap Min Capacity: 8M
 Heap Initial Capacity: 252M
 Heap Max Capacity: 2G
 Pre-touch: Disabled
 Parallel Workers: 8
 Concurrent Workers: 2
 Concurrent Refinement Workers: 8
 Periodic GC: Disabled
Heap:
 garbage-first heap   total 245760K, used 137267K [0x0000000080000000, 0x0000000100000000)
  region size 1024K, 27 young (27648K), 7 survivors (7168K)
 Metaspace       used 93247K, committed 94080K, reserved 1130496K
  class space    used 12771K, committed 13120K, reserved 1048576K
GC Heap History (20 events):
Event: 3.939 GC heap before
{Heap before GC invocations=20 (full 0):
 garbage-first heap   total 121856K, used 88503K [0x0000000080000000, 0x0000000100000000)
  region size 1024K, 23 young (23552K), 4 survivors (4096K)
 Metaspace       used 49630K, committed 50176K, reserved 1097728K
  class space    used 6513K, committed 6720K, reserved 1048576K
}
Event: 3.942 GC heap after
{Heap after GC invocations=21 (full 0):
 garbage-first heap   total 121856K, used 69183K [0x0000000080000000, 0x0000000100000000)
  region size 1024K, 2 young (2048K), 2 survivors (2048K)
 Metaspace       used 49630K, committed 50176K, reserved 1097728K
  class space    used 6513K, committed 6720K, reserved 1048576K
}
Event: 3.947 GC heap before
{Heap before GC invocations=21 (full 0):
 garbage-first heap   total 121856K, used 72255K [0x0000000080000000, 0x0000000100000000)
  region size 1024K, 5 young (5120K), 2 survivors (2048K)
 Metaspace       used 49631K, committed 50176K, reserved 1097728K
  class space    used 6513K, committed 6720K, reserved 1048576K
}
Event: 3.949 GC heap after
{Heap after GC invocations=22 (full 0):
 garbage-first heap   total 121856K, used 69201K [0x0000000080000000, 0x0000000100000000)
  region size 1024K, 1 young (1024K), 1 survivors (1024K)
 Metaspace       used 49631K, committed 50176K, reserved 1097728K
  class space    used 6513K, committed 6720K, reserved 1048576K
}
Event: 4.195 GC heap before
{Heap before GC invocations=22 (full 0):
 garbage-first heap   total 121856K, used 92753K [0x0000000080000000, 0x0000000100000000)
  region size 1024K, 24 young (24576K), 1 survivors (1024K)
 Metaspace       used 52125K, committed 52736K, reserved 1097728K
  class space    used 6965K, committed 7232K, reserved 1048576K
}
Event: 4.198 GC heap after
{Heap after GC invocations=23 (full 0):
 garbage-first heap   total 121856K, used 70594K [0x0000000080000000, 0x0000000100000000)
  region size 1024K, 2 young (2048K), 2 survivors (2048K)
 Metaspace       used 52125K, committed 52736K, reserved 1097728K
  class space    used 6965K, committed 7232K, reserved 1048576K
}
Event: 4.470 GC heap before
{Heap before GC invocations=24 (full 0):
 garbage-first heap   total 122880K, used 95170K [0x0000000080000000, 0x0000000100000000)
  region size 1024K, 26 young (26624K), 2 survivors (2048K)
 Metaspace       used 55081K, committed 55744K, reserved 1097728K
  class space    used 7442K, committed 7744K, reserved 1048576K
}
Event: 4.473 GC heap after
{Heap after GC invocations=25 (full 0):
 garbage-first heap   total 122880K, used 72037K [0x0000000080000000, 0x0000000100000000)
  region size 1024K, 3 young (3072K), 3 survivors (3072K)
 Metaspace       used 55081K, committed 55744K, reserved 1097728K
  class space    used 7442K, committed 7744K, reserved 1048576K
}
Event: 4.512 GC heap before
{Heap before GC invocations=25 (full 0):
 garbage-first heap   total 122880K, used 75109K [0x0000000080000000, 0x0000000100000000)
  region size 1024K, 6 young (6144K), 3 survivors (3072K)
 Metaspace       used 55431K, committed 56064K, reserved 1097728K
  class space    used 7502K, committed 7808K, reserved 1048576K
}
Event: 4.515 GC heap after
{Heap after GC invocations=26 (full 0):
 garbage-first heap   total 122880K, used 71992K [0x0000000080000000, 0x0000000100000000)
  region size 1024K, 1 young (1024K), 1 survivors (1024K)
 Metaspace       used 55431K, committed 56064K, reserved 1097728K
  class space    used 7502K, committed 7808K, reserved 1048576K
}
Event: 4.741 GC heap before
{Heap before GC invocations=26 (full 0):
 garbage-first heap   total 122880K, used 96568K [0x0000000080000000, 0x0000000100000000)
  region size 1024K, 26 young (26624K), 1 survivors (1024K)
 Metaspace       used 56151K, committed 56832K, reserved 1105920K
  class space    used 7563K, committed 7872K, reserved 1048576K
}
Event: 4.744 GC heap after
{Heap after GC invocations=27 (full 0):
 garbage-first heap   total 245760K, used 74112K [0x0000000080000000, 0x0000000100000000)
  region size 1024K, 3 young (3072K), 3 survivors (3072K)
 Metaspace       used 56151K, committed 56832K, reserved 1105920K
  class space    used 7563K, committed 7872K, reserved 1048576K
}
Event: 5.775 GC heap before
{Heap before GC invocations=28 (full 0):
 garbage-first heap   total 245760K, used 184704K [0x0000000080000000, 0x0000000100000000)
  region size 1024K, 102 young (104448K), 3 survivors (3072K)
 Metaspace       used 70518K, committed 71296K, reserved 1114112K
  class space    used 9875K, committed 10240K, reserved 1048576K
}
Event: 5.780 GC heap after
{Heap after GC invocations=29 (full 0):
 garbage-first heap   total 245760K, used 94517K [0x0000000080000000, 0x0000000100000000)
  region size 1024K, 13 young (13312K), 13 survivors (13312K)
 Metaspace       used 70518K, committed 71296K, reserved 1114112K
  class space    used 9875K, committed 10240K, reserved 1048576K
}
Event: 6.481 GC heap before
{Heap before GC invocations=29 (full 0):
 garbage-first heap   total 245760K, used 188725K [0x0000000080000000, 0x0000000100000000)
  region size 1024K, 99 young (101376K), 13 survivors (13312K)
 Metaspace       used 79423K, committed 80128K, reserved 1122304K
  class space    used 11036K, committed 11392K, reserved 1048576K
}
Event: 6.489 GC heap after
{Heap after GC invocations=30 (full 0):
 garbage-first heap   total 245760K, used 101187K [0x0000000080000000, 0x0000000100000000)
  region size 1024K, 8 young (8192K), 8 survivors (8192K)
 Metaspace       used 79423K, committed 80128K, reserved 1122304K
  class space    used 11036K, committed 11392K, reserved 1048576K
}
Event: 7.178 GC heap before
{Heap before GC invocations=30 (full 0):
 garbage-first heap   total 245760K, used 187203K [0x0000000080000000, 0x0000000100000000)
  region size 1024K, 89 young (91136K), 8 survivors (8192K)
 Metaspace       used 88765K, committed 89536K, reserved 1130496K
  class space    used 12183K, committed 12544K, reserved 1048576K
}
Event: 7.185 GC heap after
{Heap after GC invocations=31 (full 0):
 garbage-first heap   total 245760K, used 111540K [0x0000000080000000, 0x0000000100000000)
  region size 1024K, 7 young (7168K), 7 survivors (7168K)
 Metaspace       used 88765K, committed 89536K, reserved 1130496K
  class space    used 12183K, committed 12544K, reserved 1048576K
}
Event: 7.410 GC heap before
{Heap before GC invocations=31 (full 0):
 garbage-first heap   total 245760K, used 136116K [0x0000000080000000, 0x0000000100000000)
  region size 1024K, 32 young (32768K), 7 survivors (7168K)
 Metaspace       used 93094K, committed 93888K, reserved 1130496K
  class space    used 12765K, committed 13120K, reserved 1048576K
}
Event: 7.414 GC heap after
{Heap after GC invocations=32 (full 0):
 garbage-first heap   total 245760K, used 111667K [0x0000000080000000, 0x0000000100000000)
  region size 1024K, 7 young (7168K), 7 survivors (7168K)
 Metaspace       used 93094K, committed 93888K, reserved 1130496K
  class space    used 12765K, committed 13120K, reserved 1048576K
}

