# JRE version: OpenJDK Runtime Environment (17.0.6) (build 17.0.6+0-b2043.56-10027231)
# Java VM: OpenJDK 64-Bit Server VM (17.0.6+0-b2043.56-10027231, mixed mode, tiered, compressed oops, compressed class ptrs, g1 gc, windows-amd64)
GC Precious Log:
 CPUs: 8 total, 8 available
 Memory: 16106M
 Large Page Support: Disabled
 NUMA Support: Disabled
 Compressed Oops: Enabled (32-bit)
 Heap Region Size: 1M
 Heap Min Capacity: 8M
 Heap Initial Capacity: 252M
 Heap Max Capacity: 2G
 Pre-touch: Disabled
 Parallel Workers: 8
 Concurrent Workers: 2
 Concurrent Refinement Workers: 8
 Periodic GC: Disabled
Heap:
 garbage-first heap   total 258048K, used 169211K [0x0000000080000000, 0x0000000100000000)
  region size 1024K, 4 young (4096K), 4 survivors (4096K)
 Metaspace       used 94715K, committed 95424K, reserved 1138688K
  class space    used 12784K, committed 13120K, reserved 1048576K
GC Heap History (20 events):
Event: 4.371 GC heap after
{Heap after GC invocations=34 (full 0):
 garbage-first heap   total 153600K, used 90969K [0x0000000080000000, 0x0000000100000000)
  region size 1024K, 1 young (1024K), 1 survivors (1024K)
 Metaspace       used 59202K, committed 59840K, reserved 1105920K
  class space    used 7983K, committed 8256K, reserved 1048576K
}
Event: 4.589 GC heap before
{Heap before GC invocations=34 (full 0):
 garbage-first heap   total 153600K, used 114521K [0x0000000080000000, 0x0000000100000000)
  region size 1024K, 24 young (24576K), 1 survivors (1024K)
 Metaspace       used 63174K, committed 63744K, reserved 1105920K
  class space    used 8400K, committed 8640K, reserved 1048576K
}
Event: 4.591 GC heap after
{Heap after GC invocations=35 (full 0):
 garbage-first heap   total 223232K, used 91822K [0x0000000080000000, 0x0000000100000000)
  region size 1024K, 2 young (2048K), 2 survivors (2048K)
 Metaspace       used 63174K, committed 63744K, reserved 1105920K
  class space    used 8400K, committed 8640K, reserved 1048576K
}
Event: 5.112 GC heap before
{Heap before GC invocations=36 (full 0):
 garbage-first heap   total 223232K, used 153262K [0x0000000080000000, 0x0000000100000000)
  region size 1024K, 56 young (57344K), 2 survivors (2048K)
 Metaspace       used 69736K, committed 70464K, reserved 1114112K
  class space    used 9285K, committed 9600K, reserved 1048576K
}
Event: 5.116 GC heap after
{Heap after GC invocations=37 (full 0):
 garbage-first heap   total 223232K, used 96961K [0x0000000080000000, 0x0000000100000000)
  region size 1024K, 7 young (7168K), 7 survivors (7168K)
 Metaspace       used 69736K, committed 70464K, reserved 1114112K
  class space    used 9285K, committed 9600K, reserved 1048576K
}
Event: 5.142 GC heap before
{Heap before GC invocations=37 (full 0):
 garbage-first heap   total 223232K, used 100033K [0x0000000080000000, 0x0000000100000000)
  region size 1024K, 10 young (10240K), 7 survivors (7168K)
 Metaspace       used 69978K, committed 70656K, reserved 1114112K
  class space    used 9312K, committed 9600K, reserved 1048576K
}
Event: 5.144 GC heap after
{Heap after GC invocations=38 (full 0):
 garbage-first heap   total 223232K, used 97290K [0x0000000080000000, 0x0000000100000000)
  region size 1024K, 1 young (1024K), 1 survivors (1024K)
 Metaspace       used 69978K, committed 70656K, reserved 1114112K
  class space    used 9312K, committed 9600K, reserved 1048576K
}
Event: 5.685 GC heap before
{Heap before GC invocations=38 (full 0):
 garbage-first heap   total 223232K, used 163850K [0x0000000080000000, 0x0000000100000000)
  region size 1024K, 66 young (67584K), 1 survivors (1024K)
 Metaspace       used 77588K, committed 78272K, reserved 1122304K
  class space    used 10318K, committed 10624K, reserved 1048576K
}
Event: 5.690 GC heap after
{Heap after GC invocations=39 (full 0):
 garbage-first heap   total 223232K, used 101021K [0x0000000080000000, 0x0000000100000000)
  region size 1024K, 5 young (5120K), 5 survivors (5120K)
 Metaspace       used 77588K, committed 78272K, reserved 1122304K
  class space    used 10318K, committed 10624K, reserved 1048576K
}
Event: 6.237 GC heap before
{Heap before GC invocations=39 (full 0):
 garbage-first heap   total 223232K, used 167581K [0x0000000080000000, 0x0000000100000000)
  region size 1024K, 70 young (71680K), 5 survivors (5120K)
 Metaspace       used 83316K, committed 83968K, reserved 1122304K
  class space    used 11183K, committed 11456K, reserved 1048576K
}
Event: 6.243 GC heap after
{Heap after GC invocations=40 (full 0):
 garbage-first heap   total 223232K, used 105887K [0x0000000080000000, 0x0000000100000000)
  region size 1024K, 9 young (9216K), 9 survivors (9216K)
 Metaspace       used 83316K, committed 83968K, reserved 1122304K
  class space    used 11183K, committed 11456K, reserved 1048576K
}
Event: 6.761 GC heap before
{Heap before GC invocations=40 (full 0):
 garbage-first heap   total 223232K, used 166303K [0x0000000080000000, 0x0000000100000000)
  region size 1024K, 69 young (70656K), 9 survivors (9216K)
 Metaspace       used 90486K, committed 91200K, reserved 1130496K
  class space    used 12159K, committed 12480K, reserved 1048576K
}
Event: 6.769 GC heap after
{Heap after GC invocations=41 (full 0):
 garbage-first heap   total 223232K, used 112196K [0x0000000080000000, 0x0000000100000000)
  region size 1024K, 10 young (10240K), 10 survivors (10240K)
 Metaspace       used 90486K, committed 91200K, reserved 1130496K
  class space    used 12159K, committed 12480K, reserved 1048576K
}
Event: 7.262 GC heap before
{Heap before GC invocations=42 (full 0):
 garbage-first heap   total 230400K, used 200260K [0x0000000080000000, 0x0000000100000000)
  region size 1024K, 71 young (72704K), 10 survivors (10240K)
 Metaspace       used 94683K, committed 95424K, reserved 1138688K
  class space    used 12783K, committed 13120K, reserved 1048576K
}
Event: 7.270 GC heap after
{Heap after GC invocations=43 (full 0):
 garbage-first heap   total 230400K, used 148298K [0x0000000080000000, 0x0000000100000000)
  region size 1024K, 9 young (9216K), 9 survivors (9216K)
 Metaspace       used 94683K, committed 95424K, reserved 1138688K
  class space    used 12783K, committed 13120K, reserved 1048576K
}
Event: 7.275 GC heap before
{Heap before GC invocations=43 (full 0):
 garbage-first heap   total 230400K, used 150346K [0x0000000080000000, 0x0000000100000000)
  region size 1024K, 11 young (11264K), 9 survivors (9216K)
 Metaspace       used 94686K, committed 95424K, reserved 1138688K
  class space    used 12783K, committed 13120K, reserved 1048576K
}
Event: 7.278 GC heap after
{Heap after GC invocations=44 (full 0):
 garbage-first heap   total 230400K, used 148595K [0x0000000080000000, 0x0000000100000000)
  region size 1024K, 2 young (2048K), 2 survivors (2048K)
 Metaspace       used 94686K, committed 95424K, reserved 1138688K
  class space    used 12783K, committed 13120K, reserved 1048576K
}
Event: 7.377 GC heap before
{Heap before GC invocations=44 (full 0):
 garbage-first heap   total 230400K, used 188531K [0x0000000080000000, 0x0000000100000000)
  region size 1024K, 41 young (41984K), 2 survivors (2048K)
 Metaspace       used 94687K, committed 95424K, reserved 1138688K
  class space    used 12784K, committed 13120K, reserved 1048576K
}
Event: 7.386 GC heap after
{Heap after GC invocations=45 (full 0):
 garbage-first heap   total 230400K, used 164002K [0x0000000080000000, 0x0000000100000000)
  region size 1024K, 6 young (6144K), 6 survivors (6144K)
 Metaspace       used 94687K, committed 95424K, reserved 1138688K
  class space    used 12784K, committed 13120K, reserved 1048576K
}
Event: 7.544 GC heap before
{Heap before GC invocations=45 (full 0):
 garbage-first heap   total 230400K, used 187554K [0x0000000080000000, 0x0000000100000000)
  region size 1024K, 30 young (30720K), 6 survivors (6144K)
 Metaspace       used 94715K, committed 95424K, reserved 1138688K
  class space    used 12784K, committed 13120K, reserved 1048576K
}

