# JRE version: OpenJDK Runtime Environment (17.0.6) (build 17.0.6+0-b2043.56-10027231)
# Java VM: OpenJDK 64-Bit Server VM (17.0.6+0-b2043.56-10027231, mixed mode, tiered, compressed oops, compressed class ptrs, g1 gc, windows-amd64)
GC Precious Log:
 CPUs: 8 total, 8 available
 Memory: 16106M
 Large Page Support: Disabled
 NUMA Support: Disabled
 Compressed Oops: Enabled (32-bit)
 Heap Region Size: 1M
 Heap Min Capacity: 8M
 Heap Initial Capacity: 252M
 Heap Max Capacity: 2G
 Pre-touch: Disabled
 Parallel Workers: 8
 Concurrent Workers: 2
 Concurrent Refinement Workers: 8
 Periodic GC: Disabled
Heap:
 garbage-first heap   total 413696K, used 246360K [0x0000000080000000, 0x0000000100000000)
  region size 1024K, 10 young (10240K), 3 survivors (3072K)
 Metaspace       used 165880K, committed 166912K, reserved 1196032K
  class space    used 21501K, committed 21952K, reserved 1048576K
GC Heap History (20 events):
Event: 13.659 GC heap before
{Heap before GC invocations=49 (full 0):
 garbage-first heap   total 378880K, used 202640K [0x0000000080000000, 0x0000000100000000)
  region size 1024K, 18 young (18432K), 16 survivors (16384K)
 Metaspace       used 149019K, committed 149824K, reserved 1179648K
  class space    used 19326K, committed 19712K, reserved 1048576K
}
Event: 13.670 GC heap after
{Heap after GC invocations=50 (full 0):
 garbage-first heap   total 378880K, used 201993K [0x0000000080000000, 0x0000000100000000)
  region size 1024K, 2 young (2048K), 2 survivors (2048K)
 Metaspace       used 149019K, committed 149824K, reserved 1179648K
  class space    used 19326K, committed 19712K, reserved 1048576K
}
Event: 14.366 GC heap before
{Heap before GC invocations=50 (full 0):
 garbage-first heap   total 378880K, used 308489K [0x0000000080000000, 0x0000000100000000)
  region size 1024K, 103 young (105472K), 2 survivors (2048K)
 Metaspace       used 151269K, committed 152128K, reserved 1187840K
  class space    used 19618K, committed 20032K, reserved 1048576K
}
Event: 14.379 GC heap after
{Heap after GC invocations=51 (full 0):
 garbage-first heap   total 378880K, used 223508K [0x0000000080000000, 0x0000000100000000)
  region size 1024K, 13 young (13312K), 13 survivors (13312K)
 Metaspace       used 151269K, committed 152128K, reserved 1187840K
  class space    used 19618K, committed 20032K, reserved 1048576K
}
Event: 15.054 GC heap before
{Heap before GC invocations=51 (full 0):
 garbage-first heap   total 378880K, used 302356K [0x0000000080000000, 0x0000000100000000)
  region size 1024K, 90 young (92160K), 13 survivors (13312K)
 Metaspace       used 151279K, committed 152128K, reserved 1187840K
  class space    used 19618K, committed 20032K, reserved 1048576K
}
Event: 15.063 GC heap after
{Heap after GC invocations=52 (full 0):
 garbage-first heap   total 378880K, used 228835K [0x0000000080000000, 0x0000000100000000)
  region size 1024K, 6 young (6144K), 6 survivors (6144K)
 Metaspace       used 151279K, committed 152128K, reserved 1187840K
  class space    used 19618K, committed 20032K, reserved 1048576K
}
Event: 15.951 GC heap before
{Heap before GC invocations=52 (full 0):
 garbage-first heap   total 378880K, used 307683K [0x0000000080000000, 0x0000000100000000)
  region size 1024K, 83 young (84992K), 6 survivors (6144K)
 Metaspace       used 151281K, committed 152128K, reserved 1187840K
  class space    used 19618K, committed 20032K, reserved 1048576K
}
Event: 15.954 GC heap after
{Heap after GC invocations=53 (full 0):
 garbage-first heap   total 378880K, used 230861K [0x0000000080000000, 0x0000000100000000)
  region size 1024K, 8 young (8192K), 8 survivors (8192K)
 Metaspace       used 151281K, committed 152128K, reserved 1187840K
  class space    used 19618K, committed 20032K, reserved 1048576K
}
Event: 16.787 GC heap before
{Heap before GC invocations=54 (full 0):
 garbage-first heap   total 394240K, used 310733K [0x0000000080000000, 0x0000000100000000)
  region size 1024K, 87 young (89088K), 8 survivors (8192K)
 Metaspace       used 151285K, committed 152192K, reserved 1187840K
  class space    used 19618K, committed 20032K, reserved 1048576K
}
Event: 16.792 GC heap after
{Heap after GC invocations=55 (full 0):
 garbage-first heap   total 394240K, used 232906K [0x0000000080000000, 0x0000000100000000)
  region size 1024K, 8 young (8192K), 8 survivors (8192K)
 Metaspace       used 151285K, committed 152192K, reserved 1187840K
  class space    used 19618K, committed 20032K, reserved 1048576K
}
Event: 16.864 GC heap before
{Heap before GC invocations=55 (full 0):
 garbage-first heap   total 394240K, used 244170K [0x0000000080000000, 0x0000000100000000)
  region size 1024K, 19 young (19456K), 8 survivors (8192K)
 Metaspace       used 151285K, committed 152192K, reserved 1187840K
  class space    used 19618K, committed 20032K, reserved 1048576K
}
Event: 16.867 GC heap after
{Heap after GC invocations=56 (full 0):
 garbage-first heap   total 394240K, used 226678K [0x0000000080000000, 0x0000000100000000)
  region size 1024K, 3 young (3072K), 3 survivors (3072K)
 Metaspace       used 151285K, committed 152192K, reserved 1187840K
  class space    used 19618K, committed 20032K, reserved 1048576K
}
Event: 17.680 GC heap before
{Heap before GC invocations=56 (full 0):
 garbage-first heap   total 394240K, used 341366K [0x0000000080000000, 0x0000000100000000)
  region size 1024K, 99 young (101376K), 3 survivors (3072K)
 Metaspace       used 151319K, committed 152192K, reserved 1187840K
  class space    used 19629K, committed 20032K, reserved 1048576K
}
Event: 17.684 GC heap after
{Heap after GC invocations=57 (full 0):
 garbage-first heap   total 394240K, used 245647K [0x0000000080000000, 0x0000000100000000)
  region size 1024K, 8 young (8192K), 8 survivors (8192K)
 Metaspace       used 151319K, committed 152192K, reserved 1187840K
  class space    used 19629K, committed 20032K, reserved 1048576K
}
Event: 17.796 GC heap before
{Heap before GC invocations=57 (full 0):
 garbage-first heap   total 394240K, used 267151K [0x0000000080000000, 0x0000000100000000)
  region size 1024K, 31 young (31744K), 8 survivors (8192K)
 Metaspace       used 152007K, committed 152896K, reserved 1187840K
  class space    used 19695K, committed 20096K, reserved 1048576K
}
Event: 17.803 GC heap after
{Heap after GC invocations=58 (full 0):
 garbage-first heap   total 394240K, used 237754K [0x0000000080000000, 0x0000000100000000)
  region size 1024K, 7 young (7168K), 7 survivors (7168K)
 Metaspace       used 152007K, committed 152896K, reserved 1187840K
  class space    used 19695K, committed 20096K, reserved 1048576K
}
Event: 18.793 GC heap before
{Heap before GC invocations=59 (full 0):
 garbage-first heap   total 413696K, used 310458K [0x0000000080000000, 0x0000000100000000)
  region size 1024K, 77 young (78848K), 7 survivors (7168K)
 Metaspace       used 162252K, committed 163200K, reserved 1196032K
  class space    used 21024K, committed 21440K, reserved 1048576K
}
Event: 18.799 GC heap after
{Heap after GC invocations=60 (full 0):
 garbage-first heap   total 413696K, used 241875K [0x0000000080000000, 0x0000000100000000)
  region size 1024K, 5 young (5120K), 5 survivors (5120K)
 Metaspace       used 162252K, committed 163200K, reserved 1196032K
  class space    used 21024K, committed 21440K, reserved 1048576K
}
Event: 19.033 GC heap before
{Heap before GC invocations=60 (full 0):
 garbage-first heap   total 413696K, used 257235K [0x0000000080000000, 0x0000000100000000)
  region size 1024K, 20 young (20480K), 5 survivors (5120K)
 Metaspace       used 165589K, committed 166528K, reserved 1196032K
  class space    used 21462K, committed 21888K, reserved 1048576K
}
Event: 19.039 GC heap after
{Heap after GC invocations=61 (full 0):
 garbage-first heap   total 413696K, used 240216K [0x0000000080000000, 0x0000000100000000)
  region size 1024K, 3 young (3072K), 3 survivors (3072K)
 Metaspace       used 165589K, committed 166528K, reserved 1196032K
  class space    used 21462K, committed 21888K, reserved 1048576K
}

