# JRE version: OpenJDK Runtime Environment (17.0.6) (build 17.0.6+0-b2043.56-10027231)
# Java VM: OpenJDK 64-Bit Server VM (17.0.6+0-b2043.56-10027231, mixed mode, tiered, compressed oops, compressed class ptrs, g1 gc, windows-amd64)
GC Precious Log:
 CPUs: 8 total, 8 available
 Memory: 16106M
 Large Page Support: Disabled
 NUMA Support: Disabled
 Compressed Oops: Enabled (32-bit)
 Heap Region Size: 1M
 Heap Min Capacity: 8M
 Heap Initial Capacity: 252M
 Heap Max Capacity: 2G
 Pre-touch: Disabled
 Parallel Workers: 8
 Concurrent Workers: 2
 Concurrent Refinement Workers: 8
 Periodic GC: Disabled
Heap:
 garbage-first heap   total 283648K, used 165662K [0x0000000080000000, 0x0000000100000000)
  region size 1024K, 2 young (2048K), 2 survivors (2048K)
 Metaspace       used 94780K, committed 95488K, reserved 1138688K
  class space    used 12784K, committed 13120K, reserved 1048576K
GC Heap History (20 events):
Event: 4.335 GC heap after
{Heap after GC invocations=33 (full 0):
 garbage-first heap   total 250880K, used 90921K [0x0000000080000000, 0x0000000100000000)
  region size 1024K, 1 young (1024K), 1 survivors (1024K)
 Metaspace       used 59177K, committed 59776K, reserved 1105920K
  class space    used 7979K, committed 8256K, reserved 1048576K
}
Event: 4.925 GC heap before
{Heap before GC invocations=33 (full 0):
 garbage-first heap   total 250880K, used 165673K [0x0000000080000000, 0x0000000100000000)
  region size 1024K, 68 young (69632K), 1 survivors (1024K)
 Metaspace       used 68898K, committed 69632K, reserved 1114112K
  class space    used 9166K, committed 9472K, reserved 1048576K
}
Event: 4.930 GC heap after
{Heap after GC invocations=34 (full 0):
 garbage-first heap   total 250880K, used 96300K [0x0000000080000000, 0x0000000100000000)
  region size 1024K, 6 young (6144K), 6 survivors (6144K)
 Metaspace       used 68898K, committed 69632K, reserved 1114112K
  class space    used 9166K, committed 9472K, reserved 1048576K
}
Event: 5.673 GC heap before
{Heap before GC invocations=34 (full 0):
 garbage-first heap   total 250880K, used 187436K [0x0000000080000000, 0x0000000100000000)
  region size 1024K, 95 young (97280K), 6 survivors (6144K)
 Metaspace       used 79015K, committed 79744K, reserved 1122304K
  class space    used 10501K, committed 10816K, reserved 1048576K
}
Event: 5.679 GC heap after
{Heap after GC invocations=35 (full 0):
 garbage-first heap   total 250880K, used 102738K [0x0000000080000000, 0x0000000100000000)
  region size 1024K, 12 young (12288K), 12 survivors (12288K)
 Metaspace       used 79015K, committed 79744K, reserved 1122304K
  class space    used 10501K, committed 10816K, reserved 1048576K
}
Event: 6.387 GC heap before
{Heap before GC invocations=35 (full 0):
 garbage-first heap   total 250880K, used 189778K [0x0000000080000000, 0x0000000100000000)
  region size 1024K, 97 young (99328K), 12 survivors (12288K)
 Metaspace       used 86930K, committed 87616K, reserved 1130496K
  class space    used 11779K, committed 12096K, reserved 1048576K
}
Event: 6.395 GC heap after
{Heap after GC invocations=36 (full 0):
 garbage-first heap   total 250880K, used 109012K [0x0000000080000000, 0x0000000100000000)
  region size 1024K, 13 young (13312K), 13 survivors (13312K)
 Metaspace       used 86930K, committed 87616K, reserved 1130496K
  class space    used 11779K, committed 12096K, reserved 1048576K
}
Event: 6.643 GC heap before
{Heap before GC invocations=36 (full 0):
 garbage-first heap   total 250880K, used 147924K [0x0000000080000000, 0x0000000100000000)
  region size 1024K, 44 young (45056K), 13 survivors (13312K)
 Metaspace       used 90534K, committed 91264K, reserved 1130496K
  class space    used 12160K, committed 12480K, reserved 1048576K
}
Event: 6.650 GC heap after
{Heap after GC invocations=37 (full 0):
 garbage-first heap   total 250880K, used 123642K [0x0000000080000000, 0x0000000100000000)
  region size 1024K, 12 young (12288K), 12 survivors (12288K)
 Metaspace       used 90534K, committed 91264K, reserved 1130496K
  class space    used 12160K, committed 12480K, reserved 1048576K
}
Event: 6.657 GC heap before
{Heap before GC invocations=37 (full 0):
 garbage-first heap   total 250880K, used 135930K [0x0000000080000000, 0x0000000100000000)
  region size 1024K, 13 young (13312K), 12 survivors (12288K)
 Metaspace       used 90542K, committed 91264K, reserved 1130496K
  class space    used 12160K, committed 12480K, reserved 1048576K
}
Event: 6.662 GC heap after
{Heap after GC invocations=38 (full 0):
 garbage-first heap   total 250880K, used 137127K [0x0000000080000000, 0x0000000100000000)
  region size 1024K, 1 young (1024K), 1 survivors (1024K)
 Metaspace       used 90542K, committed 91264K, reserved 1130496K
  class space    used 12160K, committed 12480K, reserved 1048576K
}
Event: 7.168 GC heap before
{Heap before GC invocations=39 (full 0):
 garbage-first heap   total 250880K, used 206759K [0x0000000080000000, 0x0000000100000000)
  region size 1024K, 64 young (65536K), 1 survivors (1024K)
 Metaspace       used 94742K, committed 95488K, reserved 1138688K
  class space    used 12783K, committed 13120K, reserved 1048576K
}
Event: 7.174 GC heap after
{Heap after GC invocations=40 (full 0):
 garbage-first heap   total 250880K, used 150572K [0x0000000080000000, 0x0000000100000000)
  region size 1024K, 8 young (8192K), 8 survivors (8192K)
 Metaspace       used 94742K, committed 95488K, reserved 1138688K
  class space    used 12783K, committed 13120K, reserved 1048576K
}
Event: 7.191 GC heap before
{Heap before GC invocations=40 (full 0):
 garbage-first heap   total 250880K, used 154668K [0x0000000080000000, 0x0000000100000000)
  region size 1024K, 12 young (12288K), 8 survivors (8192K)
 Metaspace       used 94742K, committed 95488K, reserved 1138688K
  class space    used 12783K, committed 13120K, reserved 1048576K
}
Event: 7.197 GC heap after
{Heap after GC invocations=41 (full 0):
 garbage-first heap   total 250880K, used 151213K [0x0000000080000000, 0x0000000100000000)
  region size 1024K, 2 young (2048K), 2 survivors (2048K)
 Metaspace       used 94742K, committed 95488K, reserved 1138688K
  class space    used 12783K, committed 13120K, reserved 1048576K
}
Event: 7.397 GC heap before
{Heap before GC invocations=41 (full 0):
 garbage-first heap   total 250880K, used 205485K [0x0000000080000000, 0x0000000100000000)
  region size 1024K, 55 young (56320K), 2 survivors (2048K)
 Metaspace       used 94771K, committed 95488K, reserved 1138688K
  class space    used 12783K, committed 13120K, reserved 1048576K
}
Event: 7.405 GC heap after
{Heap after GC invocations=42 (full 0):
 garbage-first heap   total 250880K, used 167359K [0x0000000080000000, 0x0000000100000000)
  region size 1024K, 7 young (7168K), 7 survivors (7168K)
 Metaspace       used 94771K, committed 95488K, reserved 1138688K
  class space    used 12783K, committed 13120K, reserved 1048576K
}
Event: 7.608 GC heap before
{Heap before GC invocations=43 (full 0):
 garbage-first heap   total 283648K, used 199103K [0x0000000080000000, 0x0000000100000000)
  region size 1024K, 43 young (44032K), 7 survivors (7168K)
 Metaspace       used 94780K, committed 95488K, reserved 1138688K
  class space    used 12784K, committed 13120K, reserved 1048576K
}
Event: 7.613 GC heap after
{Heap after GC invocations=44 (full 0):
 garbage-first heap   total 283648K, used 166668K [0x0000000080000000, 0x0000000100000000)
  region size 1024K, 4 young (4096K), 4 survivors (4096K)
 Metaspace       used 94780K, committed 95488K, reserved 1138688K
  class space    used 12784K, committed 13120K, reserved 1048576K
}
Event: 7.658 GC heap before
{Heap before GC invocations=44 (full 0):
 garbage-first heap   total 283648K, used 175884K [0x0000000080000000, 0x0000000100000000)
  region size 1024K, 13 young (13312K), 4 survivors (4096K)
 Metaspace       used 94780K, committed 95488K, reserved 1138688K
  class space    used 12784K, committed 13120K, reserved 1048576K
}

