# JRE version: OpenJDK Runtime Environment (17.0.6) (build 17.0.6+0-b2043.56-10027231)
# Java VM: OpenJDK 64-Bit Server VM (17.0.6+0-b2043.56-10027231, mixed mode, tiered, compressed oops, compressed class ptrs, g1 gc, windows-amd64)
GC Precious Log:
 CPUs: 8 total, 8 available
 Memory: 16106M
 Large Page Support: Disabled
 NUMA Support: Disabled
 Compressed Oops: Enabled (32-bit)
 Heap Region Size: 1M
 Heap Min Capacity: 8M
 Heap Initial Capacity: 252M
 Heap Max Capacity: 2G
 Pre-touch: Disabled
 Parallel Workers: 8
 Concurrent Workers: 2
 Concurrent Refinement Workers: 8
 Periodic GC: Disabled
Heap:
 garbage-first heap   total 173056K, used 103302K [0x0000000080000000, 0x0000000100000000)
  region size 1024K, 1 young (1024K), 1 survivors (1024K)
 Metaspace       used 79057K, committed 79680K, reserved 1122304K
  class space    used 10505K, committed 10816K, reserved 1048576K
GC Heap History (20 events):
Event: 4.802 GC heap after
{Heap after GC invocations=25 (full 0):
 garbage-first heap   total 122880K, used 71374K [0x0000000080000000, 0x0000000100000000)
  region size 1024K, 3 young (3072K), 3 survivors (3072K)
 Metaspace       used 54255K, committed 54912K, reserved 1097728K
  class space    used 7308K, committed 7616K, reserved 1048576K
}
Event: 5.060 GC heap before
{Heap before GC invocations=25 (full 0):
 garbage-first heap   total 122880K, used 97998K [0x0000000080000000, 0x0000000100000000)
  region size 1024K, 29 young (29696K), 3 survivors (3072K)
 Metaspace       used 56133K, committed 56832K, reserved 1105920K
  class space    used 7569K, committed 7872K, reserved 1048576K
}
Event: 5.064 GC heap after
{Heap after GC invocations=26 (full 0):
 garbage-first heap   total 122880K, used 73708K [0x0000000080000000, 0x0000000100000000)
  region size 1024K, 4 young (4096K), 4 survivors (4096K)
 Metaspace       used 56133K, committed 56832K, reserved 1105920K
  class space    used 7569K, committed 7872K, reserved 1048576K
}
Event: 5.211 GC heap before
{Heap before GC invocations=27 (full 0):
 garbage-first heap   total 135168K, used 91116K [0x0000000080000000, 0x0000000100000000)
  region size 1024K, 23 young (23552K), 4 survivors (4096K)
 Metaspace       used 56449K, committed 57088K, reserved 1105920K
  class space    used 7595K, committed 7872K, reserved 1048576K
}
Event: 5.214 GC heap after
{Heap after GC invocations=28 (full 0):
 garbage-first heap   total 135168K, used 75275K [0x0000000080000000, 0x0000000100000000)
  region size 1024K, 3 young (3072K), 3 survivors (3072K)
 Metaspace       used 56449K, committed 57088K, reserved 1105920K
  class space    used 7595K, committed 7872K, reserved 1048576K
}
Event: 5.452 GC heap before
{Heap before GC invocations=29 (full 0):
 garbage-first heap   total 142336K, used 117259K [0x0000000080000000, 0x0000000100000000)
  region size 1024K, 35 young (35840K), 3 survivors (3072K)
 Metaspace       used 59648K, committed 60288K, reserved 1105920K
  class space    used 8040K, committed 8320K, reserved 1048576K
}
Event: 5.455 GC heap after
{Heap after GC invocations=30 (full 0):
 garbage-first heap   total 171008K, used 90819K [0x0000000080000000, 0x0000000100000000)
  region size 1024K, 5 young (5120K), 5 survivors (5120K)
 Metaspace       used 59648K, committed 60288K, reserved 1105920K
  class space    used 8040K, committed 8320K, reserved 1048576K
}
Event: 5.502 GC heap before
{Heap before GC invocations=30 (full 0):
 garbage-first heap   total 171008K, used 93891K [0x0000000080000000, 0x0000000100000000)
  region size 1024K, 8 young (8192K), 5 survivors (5120K)
 Metaspace       used 60040K, committed 60672K, reserved 1105920K
  class space    used 8095K, committed 8384K, reserved 1048576K
}
Event: 5.506 GC heap after
{Heap after GC invocations=31 (full 0):
 garbage-first heap   total 171008K, used 91579K [0x0000000080000000, 0x0000000100000000)
  region size 1024K, 1 young (1024K), 1 survivors (1024K)
 Metaspace       used 60040K, committed 60672K, reserved 1105920K
  class space    used 8095K, committed 8384K, reserved 1048576K
}
Event: 5.958 GC heap before
{Heap before GC invocations=31 (full 0):
 garbage-first heap   total 171008K, used 130491K [0x0000000080000000, 0x0000000100000000)
  region size 1024K, 39 young (39936K), 1 survivors (1024K)
 Metaspace       used 67289K, committed 68032K, reserved 1114112K
  class space    used 8956K, committed 9280K, reserved 1048576K
}
Event: 5.961 GC heap after
{Heap after GC invocations=32 (full 0):
 garbage-first heap   total 171008K, used 94049K [0x0000000080000000, 0x0000000100000000)
  region size 1024K, 3 young (3072K), 3 survivors (3072K)
 Metaspace       used 67289K, committed 68032K, reserved 1114112K
  class space    used 8956K, committed 9280K, reserved 1048576K
}
Event: 6.291 GC heap before
{Heap before GC invocations=33 (full 0):
 garbage-first heap   total 171008K, used 139105K [0x0000000080000000, 0x0000000100000000)
  region size 1024K, 41 young (41984K), 3 survivors (3072K)
 Metaspace       used 70243K, committed 70976K, reserved 1114112K
  class space    used 9339K, committed 9664K, reserved 1048576K
}
Event: 6.294 GC heap after
{Heap after GC invocations=34 (full 0):
 garbage-first heap   total 171008K, used 97321K [0x0000000080000000, 0x0000000100000000)
  region size 1024K, 6 young (6144K), 6 survivors (6144K)
 Metaspace       used 70243K, committed 70976K, reserved 1114112K
  class space    used 9339K, committed 9664K, reserved 1048576K
}
Event: 6.306 GC heap before
{Heap before GC invocations=34 (full 0):
 garbage-first heap   total 171008K, used 99369K [0x0000000080000000, 0x0000000100000000)
  region size 1024K, 8 young (8192K), 6 survivors (6144K)
 Metaspace       used 70403K, committed 71104K, reserved 1114112K
  class space    used 9366K, committed 9664K, reserved 1048576K
}
Event: 6.309 GC heap after
{Heap after GC invocations=35 (full 0):
 garbage-first heap   total 171008K, used 97866K [0x0000000080000000, 0x0000000100000000)
  region size 1024K, 1 young (1024K), 1 survivors (1024K)
 Metaspace       used 70403K, committed 71104K, reserved 1114112K
  class space    used 9366K, committed 9664K, reserved 1048576K
}
Event: 6.887 GC heap before
{Heap before GC invocations=35 (full 0):
 garbage-first heap   total 171008K, used 135754K [0x0000000080000000, 0x0000000100000000)
  region size 1024K, 38 young (38912K), 1 survivors (1024K)
 Metaspace       used 74569K, committed 75264K, reserved 1122304K
  class space    used 9902K, committed 10240K, reserved 1048576K
}
Event: 6.890 GC heap after
{Heap after GC invocations=36 (full 0):
 garbage-first heap   total 171008K, used 99381K [0x0000000080000000, 0x0000000100000000)
  region size 1024K, 3 young (3072K), 3 survivors (3072K)
 Metaspace       used 74569K, committed 75264K, reserved 1122304K
  class space    used 9902K, committed 10240K, reserved 1048576K
}
Event: 7.306 GC heap before
{Heap before GC invocations=37 (full 0):
 garbage-first heap   total 173056K, used 136245K [0x0000000080000000, 0x0000000100000000)
  region size 1024K, 40 young (40960K), 3 survivors (3072K)
 Metaspace       used 79048K, committed 79680K, reserved 1122304K
  class space    used 10505K, committed 10816K, reserved 1048576K
}
Event: 7.311 GC heap after
{Heap after GC invocations=38 (full 0):
 garbage-first heap   total 173056K, used 102706K [0x0000000080000000, 0x0000000100000000)
  region size 1024K, 5 young (5120K), 5 survivors (5120K)
 Metaspace       used 79048K, committed 79680K, reserved 1122304K
  class space    used 10505K, committed 10816K, reserved 1048576K
}
Event: 7.334 GC heap before
{Heap before GC invocations=38 (full 0):
 garbage-first heap   total 173056K, used 105778K [0x0000000080000000, 0x0000000100000000)
  region size 1024K, 8 young (8192K), 5 survivors (5120K)
 Metaspace       used 79057K, committed 79680K, reserved 1122304K
  class space    used 10505K, committed 10816K, reserved 1048576K
}

